[dd/mm/yyyy hh:mm:ss messageLog]
02/10/2015 13:20:35  AQS <= SI__1__115.78.128.18__2999E
02/10/2015 13:20:35  ACK => SI__1E
02/10/2015 13:20:36  eSmile => SC__0__1__1__5__0E
02/10/2015 13:20:36  eSmile => SM__1__2015__9__3E
02/10/2015 13:20:37  eSmile => SC__0__1__1__5__0E
02/10/2015 13:20:37  eSmile => SM__1__2015__9__3E
02/10/2015 13:20:38  eSmile => SC__0__1__1__5__0E
02/10/2015 13:20:38  eSmile => SM__1__2015__9__3E
02/10/2015 13:20:39  eSmile => SC__0__1__1__5__0E
02/10/2015 13:20:39  eSmile => SM__1__2015__9__3E
02/10/2015 13:20:40  eSmile => SC__0__1__1__5__0E
02/10/2015 13:20:40  eSmile => SM__1__2015__9__3E
02/10/2015 13:20:41  eSmile => SC__0__1__1__5__0E
02/10/2015 13:20:41  eSmile => SM__1__2015__9__3E
02/10/2015 13:20:42  eSmile => SC__0__1__1__5__0E
02/10/2015 13:20:42  eSmile => SM__1__2015__9__3E
02/10/2015 13:20:43  eSmile => SC__0__1__1__5__0E
02/10/2015 13:20:43  eSmile => SM__1__2015__9__3E
02/10/2015 13:20:44  eSmile => SC__0__1__1__5__0E
02/10/2015 13:20:44  eSmile => SM__1__2015__9__3E
02/10/2015 13:20:45  eSmile => SC__0__1__1__5__0E
02/10/2015 13:20:45  eSmile => SM__1__2015__9__3E
02/10/2015 13:20:46  eSmile => SC__0__1__1__5__0E
02/10/2015 13:20:46  eSmile => SM__1__2015__9__3E
02/10/2015 13:20:47  eSmile => SC__0__1__1__5__0E
02/10/2015 13:20:47  eSmile => SM__1__2015__9__3E
02/10/2015 13:20:48  eSmile => SC__0__1__1__5__0E
02/10/2015 13:20:48  eSmile => SM__1__2015__9__3E
02/10/2015 13:20:49  eSmile => SC__0__1__1__5__0E
02/10/2015 13:20:49  eSmile => SM__1__2015__9__3E
02/10/2015 13:20:50  eSmile => SC__0__1__1__5__0E
02/10/2015 13:20:50  eSmile => SM__1__2015__9__3E
02/10/2015 13:20:51  eSmile => SC__0__1__1__5__0E
02/10/2015 13:20:51  eSmile => SM__1__2015__9__3E
02/10/2015 13:20:52  eSmile => SC__0__1__1__5__0E
02/10/2015 13:20:52  eSmile => SM__1__2015__9__3E
02/10/2015 13:20:53  eSmile => SC__0__1__1__5__0E
02/10/2015 13:20:53  eSmile => SM__1__2015__9__3E
02/10/2015 13:20:54  eSmile => SC__0__1__1__5__0E
02/10/2015 13:20:54  eSmile => SM__1__2015__9__3E
02/10/2015 13:20:55  eSmile => SC__0__1__1__5__0E
02/10/2015 13:20:55  eSmile => SM__1__2015__9__3E
02/10/2015 13:20:56  eSmile => SC__0__1__1__5__0E
02/10/2015 13:20:56  eSmile => SM__1__2015__9__3E
02/10/2015 13:20:57  eSmile => SC__0__1__1__5__0E
02/10/2015 13:20:57  eSmile => SM__1__2015__9__3E
02/10/2015 13:20:58  eSmile => SC__0__1__1__5__0E
02/10/2015 13:20:58  eSmile => SM__1__2015__9__3E
02/10/2015 13:20:59  eSmile => SC__0__1__1__5__0E
02/10/2015 13:20:59  eSmile => SM__1__2015__9__3E
02/10/2015 13:21:00  eSmile => SC__0__1__1__5__0E
02/10/2015 13:21:00  eSmile => SM__1__2015__9__3E
02/10/2015 13:21:01  eSmile => SC__0__1__1__5__0E
02/10/2015 13:21:01  eSmile => SM__1__2015__9__3E
02/10/2015 13:21:02  eSmile => SC__0__1__1__5__0E
02/10/2015 13:21:02  eSmile => SM__1__2015__9__3E
02/10/2015 13:21:03  eSmile => SC__0__1__1__5__0E
02/10/2015 13:21:03  eSmile => SM__1__2015__9__3E
02/10/2015 13:21:04  eSmile => SC__0__1__1__5__0E
02/10/2015 13:21:04  eSmile => SM__1__2015__9__3E
02/10/2015 13:21:05  eSmile => SC__0__1__1__5__0E
02/10/2015 13:21:05  eSmile => SM__1__2015__9__3E
02/10/2015 13:21:06  eSmile => SC__0__1__1__5__0E
02/10/2015 13:21:06  eSmile => SM__1__2015__9__3E
02/10/2015 13:21:07  eSmile => SC__0__1__1__5__0E
02/10/2015 13:21:07  eSmile => SM__1__2015__9__3E
02/10/2015 13:21:08  eSmile => SC__0__1__1__5__0E
02/10/2015 13:21:08  eSmile => SM__1__2015__9__3E
02/10/2015 13:21:09  eSmile => SC__0__1__1__5__0E
02/10/2015 13:21:09  eSmile => SM__1__2015__9__3E
02/10/2015 13:21:10  eSmile => SC__0__1__1__5__0E
02/10/2015 13:21:10  eSmile => SM__1__2015__9__3E
02/10/2015 13:21:11  eSmile => SC__0__1__1__5__0E
02/10/2015 13:21:11  eSmile => SM__1__2015__9__3E
02/10/2015 13:21:12  eSmile => SC__0__1__1__5__0E
02/10/2015 13:21:12  eSmile => SM__1__2015__9__3E
02/10/2015 13:21:13  eSmile => SC__0__1__1__5__0E
02/10/2015 13:21:13  eSmile => SM__1__2015__9__3E
02/10/2015 13:21:14  eSmile => SC__0__1__1__5__0E
02/10/2015 13:21:14  eSmile => SM__1__2015__9__3E
02/10/2015 13:21:15  eSmile => SC__0__1__1__5__0E
02/10/2015 13:21:15  eSmile => SM__1__2015__9__3E
02/10/2015 13:21:16  eSmile => SC__0__1__1__5__0E
02/10/2015 13:21:16  eSmile => SM__1__2015__9__3E
02/10/2015 13:21:17  eSmile => SC__0__1__1__5__0E
02/10/2015 13:21:17  eSmile => SM__1__2015__9__3E
02/10/2015 13:21:18  eSmile => SC__0__1__1__5__0E
02/10/2015 13:21:18  eSmile => SM__1__2015__9__3E
02/10/2015 13:21:19  eSmile => SC__0__1__1__5__0E
02/10/2015 13:21:19  eSmile => SM__1__2015__9__3E
02/10/2015 13:21:20  eSmile => SC__0__1__1__5__0E
02/10/2015 13:21:20  eSmile => SM__1__2015__9__3E
02/10/2015 13:21:21  eSmile => SC__0__1__1__5__0E
02/10/2015 13:21:21  eSmile => SM__1__2015__9__3E
02/10/2015 13:21:22  eSmile => SC__0__1__1__5__0E
02/10/2015 13:21:22  eSmile => SM__1__2015__9__3E
02/10/2015 13:21:23  eSmile => SC__0__1__1__5__0E
02/10/2015 13:21:23  eSmile => SM__1__2015__9__3E
02/10/2015 13:21:24  eSmile => SC__0__1__1__5__0E
02/10/2015 13:21:24  eSmile => SM__1__2015__9__3E
02/10/2015 13:21:25  eSmile => SC__0__1__1__5__0E
02/10/2015 13:21:25  eSmile => SM__1__2015__9__3E
02/10/2015 13:21:26  eSmile => SC__0__1__1__5__0E
02/10/2015 13:21:26  eSmile => SM__1__2015__9__3E
02/10/2015 13:21:27  eSmile => SC__0__1__1__5__0E
02/10/2015 13:21:27  eSmile => SM__1__2015__9__3E
02/10/2015 13:21:28  eSmile => SC__0__1__1__5__0E
02/10/2015 13:21:28  eSmile => SM__1__2015__9__3E
02/10/2015 13:21:29  eSmile => SC__0__1__1__5__0E
02/10/2015 13:21:29  eSmile => SM__1__2015__9__3E
02/10/2015 13:21:30  eSmile => SC__0__1__1__5__0E
02/10/2015 13:21:30  eSmile => SM__1__2015__9__3E
02/10/2015 13:21:31  eSmile => SC__0__1__1__5__0E
02/10/2015 13:21:31  eSmile => SM__1__2015__9__3E
02/10/2015 13:21:32  eSmile => SC__0__1__1__5__0E
02/10/2015 13:21:32  eSmile => SM__1__2015__9__3E
02/10/2015 13:21:33  eSmile => SC__0__1__1__5__0E
02/10/2015 13:21:33  eSmile => SM__1__2015__9__3E
02/10/2015 13:21:34  eSmile => SC__0__1__1__5__0E
02/10/2015 13:21:34  eSmile => SM__1__2015__9__3E
02/10/2015 13:21:35  eSmile => SC__0__1__1__5__0E
02/10/2015 13:21:35  eSmile => SM__1__2015__9__3E
02/10/2015 13:21:36  eSmile => SC__0__1__1__5__0E
02/10/2015 13:21:36  eSmile => SM__1__2015__9__3E
02/10/2015 13:21:37  eSmile => SC__0__1__1__5__0E
02/10/2015 13:21:37  eSmile => SM__1__2015__9__3E
02/10/2015 13:21:38  eSmile => SC__0__1__1__5__0E
02/10/2015 13:21:38  eSmile => SM__1__2015__9__3E
02/10/2015 13:21:39  eSmile => SC__0__1__1__5__0E
02/10/2015 13:21:39  eSmile => SM__1__2015__9__3E
02/10/2015 13:21:40  eSmile => SC__0__1__1__5__0E
02/10/2015 13:21:40  eSmile => SM__1__2015__9__3E
02/10/2015 13:21:41  eSmile => SC__0__1__1__5__0E
02/10/2015 13:21:41  eSmile => SM__1__2015__9__3E
02/10/2015 13:21:42  eSmile => SC__0__1__1__5__0E
02/10/2015 13:21:42  eSmile => SM__1__2015__9__3E
02/10/2015 13:21:43  eSmile => SC__0__1__1__5__0E
02/10/2015 13:21:43  eSmile => SM__1__2015__9__3E
02/10/2015 13:21:44  eSmile => SC__0__1__1__5__0E
02/10/2015 13:21:44  eSmile => SM__1__2015__9__3E
02/10/2015 13:21:45  eSmile => SC__0__1__1__5__0E
02/10/2015 13:21:45  eSmile => SM__1__2015__9__3E
02/10/2015 13:21:46  eSmile => SC__0__1__1__5__0E
02/10/2015 13:21:46  eSmile => SM__1__2015__9__3E
02/10/2015 13:21:47  eSmile => SC__0__1__1__5__0E
02/10/2015 13:21:47  eSmile => SM__1__2015__9__3E
02/10/2015 13:21:48  eSmile => SC__0__1__1__5__0E
02/10/2015 13:21:48  eSmile => SM__1__2015__9__3E
02/10/2015 13:21:49  eSmile => SC__0__1__1__5__0E
02/10/2015 13:21:49  eSmile => SM__1__2015__9__3E
02/10/2015 13:21:50  eSmile => SC__0__1__1__5__0E
02/10/2015 13:21:50  eSmile => SM__1__2015__9__3E
02/10/2015 13:21:51  eSmile => SC__0__1__1__5__0E
02/10/2015 13:21:51  eSmile => SM__1__2015__9__3E
02/10/2015 13:21:52  eSmile => SC__0__1__1__5__0E
02/10/2015 13:21:52  eSmile => SM__1__2015__9__3E
02/10/2015 13:21:53  eSmile => SC__0__1__1__5__0E
02/10/2015 13:21:53  eSmile => SM__1__2015__9__3E
02/10/2015 13:21:54  eSmile => SC__0__1__1__5__0E
02/10/2015 13:21:54  eSmile => SM__1__2015__9__3E
02/10/2015 13:22:23  AQS <= SI__1__115.78.128.18__2999E
02/10/2015 13:22:23  ACK => SI__1E
02/10/2015 13:22:23  eSmile => SC__0__1__1__5__0E
02/10/2015 13:22:23  eSmile => SM__1__2015__9__3E
02/10/2015 13:22:24  eSmile => SC__0__1__1__5__0E
02/10/2015 13:22:24  eSmile => SM__1__2015__9__3E
02/10/2015 13:22:25  eSmile => SC__0__1__1__5__0E
02/10/2015 13:22:25  eSmile => SM__1__2015__9__3E
02/10/2015 13:22:26  eSmile => SC__0__1__1__5__0E
02/10/2015 13:22:26  eSmile => SM__1__2015__9__3E
02/10/2015 13:22:27  eSmile => SC__0__1__1__5__0E
02/10/2015 13:22:27  eSmile => SM__1__2015__9__3E
02/10/2015 13:22:28  eSmile => SC__0__1__1__5__0E
02/10/2015 13:22:28  eSmile => SM__1__2015__9__3E
02/10/2015 13:22:29  eSmile => SC__0__1__1__5__0E
02/10/2015 13:22:29  eSmile => SM__1__2015__9__3E
02/10/2015 13:22:30  eSmile => SC__0__1__1__5__0E
02/10/2015 13:22:30  eSmile => SM__1__2015__9__3E
02/10/2015 13:22:31  eSmile => SC__0__1__1__5__0E
02/10/2015 13:22:31  eSmile => SM__1__2015__9__3E
02/10/2015 13:22:32  eSmile => SC__0__1__1__5__0E
02/10/2015 13:22:32  eSmile => SM__1__2015__9__3E
02/10/2015 13:22:33  eSmile => SC__0__1__1__5__0E
02/10/2015 13:22:33  eSmile => SM__1__2015__9__3E
02/10/2015 13:22:34  eSmile => SC__0__1__1__5__0E
02/10/2015 13:22:34  eSmile => SM__1__2015__9__3E
02/10/2015 13:22:35  eSmile => SC__0__1__1__5__0E
02/10/2015 13:22:35  eSmile => SM__1__2015__9__3E
02/10/2015 13:22:36  eSmile => SC__0__1__1__5__0E
02/10/2015 13:22:36  eSmile => SM__1__2015__9__3E
02/10/2015 13:22:37  eSmile => SC__0__1__1__5__0E
02/10/2015 13:22:37  eSmile => SM__1__2015__9__3E
02/10/2015 13:22:38  eSmile => SC__0__1__1__5__0E
02/10/2015 13:22:38  eSmile => SM__1__2015__9__3E
02/10/2015 13:22:39  eSmile => SC__0__1__1__5__0E
02/10/2015 13:22:39  eSmile => SM__1__2015__9__3E
02/10/2015 13:22:40  eSmile => SC__0__1__1__5__0E
02/10/2015 13:22:40  eSmile => SM__1__2015__9__3E
02/10/2015 13:22:41  eSmile => SC__0__1__1__5__0E
02/10/2015 13:22:41  eSmile => SM__1__2015__9__3E
02/10/2015 13:22:42  eSmile => SC__0__1__1__5__0E
02/10/2015 13:22:42  eSmile => SM__1__2015__9__3E
02/10/2015 13:22:43  eSmile => SC__0__1__1__5__0E
02/10/2015 13:22:43  eSmile => SM__1__2015__9__3E
02/10/2015 13:22:44  eSmile => SC__0__1__1__5__0E
02/10/2015 13:22:44  eSmile => SM__1__2015__9__3E
02/10/2015 13:22:45  eSmile => SC__0__1__1__5__0E
02/10/2015 13:22:45  eSmile => SM__1__2015__9__3E
02/10/2015 13:22:46  eSmile => SC__0__1__1__5__0E
02/10/2015 13:22:46  eSmile => SM__1__2015__9__3E
02/10/2015 13:22:47  eSmile => SC__0__1__1__5__0E
02/10/2015 13:22:47  eSmile => SM__1__2015__9__3E
02/10/2015 13:22:48  eSmile => SC__0__1__1__5__0E
02/10/2015 13:22:48  eSmile => SM__1__2015__9__3E
02/10/2015 13:22:49  eSmile => SC__0__1__1__5__0E
02/10/2015 13:22:49  eSmile => SM__1__2015__9__3E
02/10/2015 13:22:50  eSmile => SC__0__1__1__5__0E
02/10/2015 13:22:50  eSmile => SM__1__2015__9__3E
02/10/2015 13:22:51  eSmile => SC__0__1__1__5__0E
02/10/2015 13:22:51  eSmile => SM__1__2015__9__3E
02/10/2015 13:22:52  eSmile => SC__0__1__1__5__0E
02/10/2015 13:22:52  eSmile => SM__1__2015__9__3E
02/10/2015 13:22:53  eSmile => SC__0__1__1__5__0E
02/10/2015 13:22:53  eSmile => SM__1__2015__9__3E
02/10/2015 13:24:42  AQS <= SI__1__115.78.128.18__2999E
02/10/2015 13:24:42  ACK => SI__1E
02/10/2015 13:26:52  eSmile => SC__0__1__1__5__0E
02/10/2015 13:26:52  eSmile => SM__1__2015__9__3E
02/10/2015 13:28:52  eSmile => SC__0__1__1__5__0E
02/10/2015 13:28:52  eSmile => SM__1__2015__9__3E
02/10/2015 13:29:52  eSmile => SC__0__1__1__5__0E
02/10/2015 13:29:52  eSmile => SM__1__2015__9__3E
02/10/2015 13:32:28  eSmile => SC__0__1__1__5__0E
02/10/2015 13:32:28  eSmile => SM__1__2015__9__3E
02/10/2015 13:32:38  eSmile => SC__0__1__1__5__0E
02/10/2015 13:32:38  eSmile => SM__1__2015__9__3E
02/10/2015 13:32:48  eSmile => SC__0__1__1__5__0E
02/10/2015 13:32:48  eSmile => SM__1__2015__9__3E
02/10/2015 13:32:58  eSmile => SC__0__1__1__5__0E
02/10/2015 13:32:58  eSmile => SM__1__2015__9__3E
02/10/2015 13:33:08  eSmile => SC__0__1__1__5__0E
02/10/2015 13:33:08  eSmile => SM__1__2015__9__3E
02/10/2015 13:33:18  eSmile => SC__0__1__1__5__0E
02/10/2015 13:33:18  eSmile => SM__1__2015__9__3E
02/10/2015 13:33:28  eSmile => SC__0__1__1__5__0E
02/10/2015 13:33:28  eSmile => SM__1__2015__9__3E
02/10/2015 13:33:38  eSmile => SC__0__1__1__5__0E
02/10/2015 13:33:38  eSmile => SM__1__2015__9__3E
02/10/2015 13:35:23  AQS <= SI__1__115.78.128.18__2999E
02/10/2015 13:35:23  ACK => SI__1E
02/10/2015 13:35:28  eSmile => SC__0__1__1__5__0E
02/10/2015 13:35:28  eSmile => SM__1__2015__9__3E
02/10/2015 13:35:38  eSmile => SC__0__1__1__5__0E
02/10/2015 13:35:38  eSmile => SM__1__2015__9__3E
02/10/2015 13:35:48  eSmile => SC__0__1__1__5__0E
02/10/2015 13:35:48  eSmile => SM__1__2015__9__3E
02/10/2015 13:35:58  eSmile => SC__0__1__1__5__0E
02/10/2015 13:35:58  eSmile => SM__1__2015__9__3E
02/10/2015 13:36:08  eSmile => SC__0__1__1__5__0E
02/10/2015 13:36:08  eSmile => SM__1__2015__9__3E
02/10/2015 13:36:18  eSmile => SC__0__1__1__5__0E
02/10/2015 13:36:18  eSmile => SM__1__2015__9__3E
02/10/2015 13:36:28  eSmile => SC__0__1__1__5__0E
02/10/2015 13:36:28  eSmile => SM__1__2015__9__3E
02/10/2015 13:36:38  eSmile => SC__0__1__1__5__0E
02/10/2015 13:36:38  eSmile => SM__1__2015__9__3E
02/10/2015 13:36:48  eSmile => SC__0__1__1__5__0E
02/10/2015 13:36:48  eSmile => SM__1__2015__9__3E
02/10/2015 13:36:58  eSmile => SC__0__1__1__5__0E
02/10/2015 13:36:58  eSmile => SM__1__2015__9__3E
02/10/2015 13:37:08  eSmile => SC__0__1__1__5__0E
02/10/2015 13:37:08  eSmile => SM__1__2015__9__3E
02/10/2015 13:37:18  eSmile => SC__0__1__1__5__0E
02/10/2015 13:37:18  eSmile => SM__1__2015__9__3E
02/10/2015 13:37:28  eSmile => SC__0__1__1__5__0E
02/10/2015 13:37:28  eSmile => SM__1__2015__9__3E
02/10/2015 13:37:38  eSmile => SC__0__1__1__5__0E
02/10/2015 13:37:38  eSmile => SM__1__2015__9__3E
02/10/2015 13:37:48  eSmile => SC__0__1__1__5__0E
02/10/2015 13:37:48  eSmile => SM__1__2015__9__3E
02/10/2015 13:37:58  eSmile => SC__0__1__1__5__0E
02/10/2015 13:37:58  eSmile => SM__1__2015__9__3E
02/10/2015 13:38:08  eSmile => SC__0__1__1__5__0E
02/10/2015 13:38:08  eSmile => SM__1__2015__9__3E
02/10/2015 13:38:18  eSmile => SC__0__1__1__5__0E
02/10/2015 13:38:18  eSmile => SM__1__2015__9__3E
02/10/2015 13:38:28  eSmile => SC__0__1__1__5__0E
02/10/2015 13:38:28  eSmile => SM__1__2015__9__3E
02/10/2015 13:40:01  AQS <= SI__1__115.78.128.18__2999E
02/10/2015 13:40:01  ACK => SI__1E
02/10/2015 13:43:33  AQS <= SI__1__115.78.128.18__2999E
02/10/2015 13:43:33  ACK => SI__1E
02/10/2015 13:43:43  eSmile => SC__0__1__1__5__0E
02/10/2015 13:43:43  eSmile => SM__1__2015__9__3E
02/10/2015 13:47:17  AQS <= SI__1__115.78.128.18__2999E
02/10/2015 13:47:17  ACK => SI__1E
02/10/2015 13:47:17  eSmile => SC__0__1__1__5__0E
02/10/2015 13:47:17  eSmile => SM__1__2015__9__3E
02/10/2015 13:48:54  AQS <= SI__1__115.78.128.18__2999E
02/10/2015 13:48:54  ACK => SI__1E
02/10/2015 13:48:57  eSmile => SC__0__1__1__5__0E
02/10/2015 13:48:57  eSmile => SM__1__2015__9__3E
02/10/2015 13:54:27  AQS <= SI__1__115.78.128.18__2999E
02/10/2015 13:54:27  ACK => SI__1E
02/10/2015 13:54:30  eSmile => SC__0__1__1__5__0E
02/10/2015 13:54:30  eSmile => SM__1__2015__9__3E
02/10/2015 13:55:58  eSmile => SC__0__1__1__5__0E
02/10/2015 13:55:58  eSmile => SM__1__2015__9__3E
02/10/2015 13:56:10  eSmile => SC__0__1__1__5__0E
02/10/2015 13:56:10  eSmile => SM__1__2015__9__3E
02/10/2015 13:56:22  eSmile => SC__0__1__1__5__0E
02/10/2015 13:56:22  eSmile => SM__1__2015__9__3E
02/10/2015 13:56:34  eSmile => SC__0__1__1__5__0E
02/10/2015 13:56:34  eSmile => SM__1__2015__9__3E
02/10/2015 13:56:46  eSmile => SC__0__1__1__5__0E
02/10/2015 13:56:46  eSmile => SM__1__2015__9__3E
02/10/2015 13:56:58  eSmile => SC__0__1__1__5__0E
02/10/2015 13:56:58  eSmile => SM__1__2015__9__3E
02/10/2015 13:57:10  eSmile => SC__0__1__1__5__0E
02/10/2015 13:57:10  eSmile => SM__1__2015__9__3E
02/10/2015 13:57:22  eSmile => SC__0__1__1__5__0E
02/10/2015 13:57:22  eSmile => SM__1__2015__9__3E
02/10/2015 13:57:34  eSmile => SC__0__1__1__5__0E
02/10/2015 13:57:34  eSmile => SM__1__2015__9__3E
02/10/2015 13:57:46  eSmile => SC__0__1__1__5__0E
02/10/2015 13:57:46  eSmile => SM__1__2015__9__3E
02/10/2015 13:57:58  eSmile => SC__0__1__1__5__0E
02/10/2015 13:57:58  eSmile => SM__1__2015__9__3E
02/10/2015 13:58:10  eSmile => SC__0__1__1__5__0E
02/10/2015 13:58:10  eSmile => SM__1__2015__9__3E
02/10/2015 13:58:22  eSmile => SC__0__1__1__5__0E
02/10/2015 13:58:22  eSmile => SM__1__2015__9__3E
02/10/2015 13:58:34  eSmile => SC__0__1__1__5__0E
02/10/2015 13:58:34  eSmile => SM__1__2015__9__3E
02/10/2015 13:58:46  eSmile => SC__0__1__1__5__0E
02/10/2015 13:58:46  eSmile => SM__1__2015__9__3E
02/10/2015 13:58:58  eSmile => SC__0__1__1__5__0E
02/10/2015 13:58:58  eSmile => SM__1__2015__9__3E
02/10/2015 13:59:10  eSmile => SC__0__1__1__5__0E
02/10/2015 13:59:10  eSmile => SM__1__2015__9__3E
02/10/2015 13:59:22  eSmile => SC__0__1__1__5__0E
02/10/2015 13:59:22  eSmile => SM__1__2015__9__3E
02/10/2015 13:59:34  eSmile => SC__0__1__1__5__0E
02/10/2015 13:59:34  eSmile => SM__1__2015__9__3E
02/10/2015 13:59:46  eSmile => SC__0__1__1__5__0E
02/10/2015 13:59:46  eSmile => SM__1__2015__9__3E
02/10/2015 13:59:58  eSmile => SC__0__1__1__5__0E
02/10/2015 13:59:58  eSmile => SM__1__2015__9__3E
02/10/2015 14:00:10  eSmile => SC__0__1__1__5__0E
02/10/2015 14:00:10  eSmile => SM__1__2015__9__3E
02/10/2015 14:00:22  eSmile => SC__0__1__1__5__0E
02/10/2015 14:00:22  eSmile => SM__1__2015__9__3E
02/10/2015 14:00:34  eSmile => SC__0__1__1__5__0E
02/10/2015 14:00:34  eSmile => SM__1__2015__9__3E
02/10/2015 14:00:46  eSmile => SC__0__1__1__5__0E
02/10/2015 14:00:46  eSmile => SM__1__2015__9__3E
02/10/2015 14:00:58  eSmile => SC__0__1__1__5__0E
02/10/2015 14:00:58  eSmile => SM__1__2015__9__3E
02/10/2015 14:01:10  eSmile => SC__0__1__1__5__0E
02/10/2015 14:01:10  eSmile => SM__1__2015__9__3E
02/10/2015 14:01:22  eSmile => SC__0__1__1__5__0E
02/10/2015 14:01:22  eSmile => SM__1__2015__9__3E
02/10/2015 14:01:34  eSmile => SC__0__1__1__5__0E
02/10/2015 14:01:34  eSmile => SM__1__2015__9__3E
02/10/2015 14:01:46  eSmile => SC__0__1__1__5__0E
02/10/2015 14:01:46  eSmile => SM__1__2015__9__3E
02/10/2015 14:01:58  eSmile => SC__0__1__1__5__0E
02/10/2015 14:01:58  eSmile => SM__1__2015__9__3E
02/10/2015 14:02:10  eSmile => SC__0__1__1__5__0E
02/10/2015 14:02:10  eSmile => SM__1__2015__9__3E
02/10/2015 14:02:22  eSmile => SC__0__1__1__5__0E
02/10/2015 14:02:22  eSmile => SM__1__2015__9__3E
02/10/2015 14:02:34  eSmile => SC__0__1__1__5__0E
02/10/2015 14:02:34  eSmile => SM__1__2015__9__3E
02/10/2015 14:02:46  eSmile => SC__0__1__1__5__0E
02/10/2015 14:02:46  eSmile => SM__1__2015__9__3E
02/10/2015 14:02:58  eSmile => SC__0__1__1__5__0E
02/10/2015 14:02:58  eSmile => SM__1__2015__9__3E
02/10/2015 14:03:10  eSmile => SC__0__1__1__5__0E
02/10/2015 14:03:10  eSmile => SM__1__2015__9__3E
02/10/2015 14:03:22  eSmile => SC__0__1__1__5__0E
02/10/2015 14:03:22  eSmile => SM__1__2015__9__3E
02/10/2015 14:03:34  eSmile => SC__0__1__1__5__0E
02/10/2015 14:03:34  eSmile => SM__1__2015__9__3E
02/10/2015 14:03:47  eSmile => SC__0__1__1__5__0E
02/10/2015 14:03:47  eSmile => SM__1__2015__9__3E
02/10/2015 14:03:59  eSmile => SC__0__1__1__5__0E
02/10/2015 14:03:59  eSmile => SM__1__2015__9__3E
02/10/2015 14:04:11  eSmile => SC__0__1__1__5__0E
02/10/2015 14:04:11  eSmile => SM__1__2015__9__3E
02/10/2015 14:04:23  eSmile => SC__0__1__1__5__0E
02/10/2015 14:04:23  eSmile => SM__1__2015__9__3E
02/10/2015 14:04:35  eSmile => SC__0__1__1__5__0E
02/10/2015 14:04:35  eSmile => SM__1__2015__9__3E
02/10/2015 14:04:47  eSmile => SC__0__1__1__5__0E
02/10/2015 14:04:47  eSmile => SM__1__2015__9__3E
02/10/2015 14:04:59  eSmile => SC__0__1__1__5__0E
02/10/2015 14:04:59  eSmile => SM__1__2015__9__3E
02/10/2015 14:05:11  eSmile => SC__0__1__1__5__0E
02/10/2015 14:05:11  eSmile => SM__1__2015__9__3E
02/10/2015 14:05:23  eSmile => SC__0__1__1__5__0E
02/10/2015 14:05:23  eSmile => SM__1__2015__9__3E
02/10/2015 14:05:35  eSmile => SC__0__1__1__5__0E
02/10/2015 14:05:35  eSmile => SM__1__2015__9__3E
02/10/2015 14:05:47  eSmile => SC__0__1__1__5__0E
02/10/2015 14:05:47  eSmile => SM__1__2015__9__3E
02/10/2015 14:05:59  eSmile => SC__0__1__1__5__0E
02/10/2015 14:05:59  eSmile => SM__1__2015__9__3E
02/10/2015 14:06:11  eSmile => SC__0__1__1__5__0E
02/10/2015 14:06:11  eSmile => SM__1__2015__9__3E
02/10/2015 14:06:23  eSmile => SC__0__1__1__5__0E
02/10/2015 14:06:23  eSmile => SM__1__2015__9__3E
02/10/2015 14:06:35  eSmile => SC__0__1__1__5__0E
02/10/2015 14:06:35  eSmile => SM__1__2015__9__3E
02/10/2015 14:06:47  eSmile => SC__0__1__1__5__0E
02/10/2015 14:06:47  eSmile => SM__1__2015__9__3E
02/10/2015 14:07:37  AQS <= SI__1__115.78.128.18__2999E
02/10/2015 14:07:37  ACK => SI__1E
02/10/2015 14:07:47  eSmile => SC__0__1__1__5__0E
02/10/2015 14:07:47  eSmile => SM__1__2015__9__3E
02/10/2015 14:07:59  eSmile => SC__0__1__1__5__0E
02/10/2015 14:07:59  eSmile => SM__1__2015__9__3E
02/10/2015 14:08:11  eSmile => SC__0__1__1__5__0E
02/10/2015 14:08:11  eSmile => SM__1__2015__9__3E
02/10/2015 14:08:23  eSmile => SC__0__1__1__5__0E
02/10/2015 14:08:23  eSmile => SM__1__2015__9__3E
02/10/2015 14:08:35  eSmile => SC__0__1__1__5__0E
02/10/2015 14:08:35  eSmile => SM__1__2015__9__3E
02/10/2015 14:08:47  eSmile => SC__0__1__1__5__0E
02/10/2015 14:08:47  eSmile => SM__1__2015__9__3E
02/10/2015 14:08:59  eSmile => SC__0__1__1__5__0E
02/10/2015 14:08:59  eSmile => SM__1__2015__9__3E
02/10/2015 14:09:11  eSmile => SC__0__1__1__5__0E
02/10/2015 14:09:11  eSmile => SM__1__2015__9__3E
02/10/2015 14:09:23  eSmile => SC__0__1__1__5__0E
02/10/2015 14:09:23  eSmile => SM__1__2015__9__3E
02/10/2015 14:09:35  eSmile => SC__0__1__1__5__0E
02/10/2015 14:09:35  eSmile => SM__1__2015__9__3E
02/10/2015 14:09:47  eSmile => SC__0__1__1__5__0E
02/10/2015 14:09:47  eSmile => SM__1__2015__9__3E
02/10/2015 14:09:59  eSmile => SC__0__1__1__5__0E
02/10/2015 14:09:59  eSmile => SM__1__2015__9__3E
02/10/2015 14:10:11  eSmile => SC__0__1__1__5__0E
02/10/2015 14:10:11  eSmile => SM__1__2015__9__3E
02/10/2015 14:10:23  eSmile => SC__0__1__1__5__0E
02/10/2015 14:10:23  eSmile => SM__1__2015__9__3E
02/10/2015 14:10:35  eSmile => SC__0__1__1__5__0E
02/10/2015 14:10:35  eSmile => SM__1__2015__9__3E
02/10/2015 14:10:47  eSmile => SC__0__1__1__5__0E
02/10/2015 14:10:47  eSmile => SM__1__2015__9__3E
02/10/2015 14:10:59  eSmile => SC__0__1__1__5__0E
02/10/2015 14:10:59  eSmile => SM__1__2015__9__3E
02/10/2015 14:11:11  eSmile => SC__0__1__1__5__0E
02/10/2015 14:11:11  eSmile => SM__1__2015__9__3E
02/10/2015 14:11:23  eSmile => SC__0__1__1__5__0E
02/10/2015 14:11:23  eSmile => SM__1__2015__9__3E
02/10/2015 14:11:35  eSmile => SC__0__1__1__5__0E
02/10/2015 14:11:35  eSmile => SM__1__2015__9__3E
02/10/2015 14:11:47  eSmile => SC__0__1__1__5__0E
02/10/2015 14:11:47  eSmile => SM__1__2015__9__3E
02/10/2015 14:11:59  eSmile => SC__0__1__1__5__0E
02/10/2015 14:11:59  eSmile => SM__1__2015__9__3E
02/10/2015 14:12:11  eSmile => SC__0__1__1__5__0E
02/10/2015 14:12:11  eSmile => SM__1__2015__9__3E
02/10/2015 14:12:23  eSmile => SC__0__1__1__5__0E
02/10/2015 14:12:23  eSmile => SM__1__2015__9__3E
02/10/2015 14:12:35  eSmile => SC__0__1__1__5__0E
02/10/2015 14:12:35  eSmile => SM__1__2015__9__3E
02/10/2015 14:12:47  eSmile => SC__0__1__1__5__0E
02/10/2015 14:12:47  eSmile => SM__1__2015__9__3E
02/10/2015 14:12:59  eSmile => SC__0__1__1__5__0E
02/10/2015 14:12:59  eSmile => SM__1__2015__9__3E
02/10/2015 14:13:11  eSmile => SC__0__1__1__5__0E
02/10/2015 14:13:11  eSmile => SM__1__2015__9__3E
02/10/2015 14:13:23  eSmile => SC__0__1__1__5__0E
02/10/2015 14:13:23  eSmile => SM__1__2015__9__3E
02/10/2015 14:13:35  eSmile => SC__0__1__1__5__0E
02/10/2015 14:13:35  eSmile => SM__1__2015__9__3E
02/10/2015 14:13:47  eSmile => SC__0__1__1__5__0E
02/10/2015 14:13:47  eSmile => SM__1__2015__9__3E
02/10/2015 14:13:59  eSmile => SC__0__1__1__5__0E
02/10/2015 14:13:59  eSmile => SM__1__2015__9__3E
02/10/2015 14:14:11  eSmile => SC__0__1__1__5__0E
02/10/2015 14:14:11  eSmile => SM__1__2015__9__3E
02/10/2015 14:14:23  eSmile => SC__0__1__1__5__0E
02/10/2015 14:14:23  eSmile => SM__1__2015__9__3E
02/10/2015 14:14:35  eSmile => SC__0__1__1__5__0E
02/10/2015 14:14:35  eSmile => SM__1__2015__9__3E
02/10/2015 14:14:47  eSmile => SC__0__1__1__5__0E
02/10/2015 14:14:47  eSmile => SM__1__2015__9__3E
02/10/2015 14:14:59  eSmile => SC__0__1__1__5__0E
02/10/2015 14:14:59  eSmile => SM__1__2015__9__3E
02/10/2015 14:15:11  eSmile => SC__0__1__1__5__0E
02/10/2015 14:15:11  eSmile => SM__1__2015__9__3E
02/10/2015 14:15:23  eSmile => SC__0__1__1__5__0E
02/10/2015 14:15:23  eSmile => SM__1__2015__9__3E
02/10/2015 14:15:35  eSmile => SC__0__1__1__5__0E
02/10/2015 14:15:35  eSmile => SM__1__2015__9__3E
02/10/2015 14:15:47  eSmile => SC__0__1__1__5__0E
02/10/2015 14:15:47  eSmile => SM__1__2015__9__3E
02/10/2015 14:15:59  eSmile => SC__0__1__1__5__0E
02/10/2015 14:15:59  eSmile => SM__1__2015__9__3E
02/10/2015 14:16:11  eSmile => SC__0__1__1__5__0E
02/10/2015 14:16:11  eSmile => SM__1__2015__9__3E
02/10/2015 14:16:23  eSmile => SC__0__1__1__5__0E
02/10/2015 14:16:23  eSmile => SM__1__2015__9__3E
02/10/2015 14:16:35  eSmile => SC__0__1__1__5__0E
02/10/2015 14:16:35  eSmile => SM__1__2015__9__3E
02/10/2015 14:16:47  eSmile => SC__0__1__1__5__0E
02/10/2015 14:16:47  eSmile => SM__1__2015__9__3E
02/10/2015 14:16:59  eSmile => SC__0__1__1__5__0E
02/10/2015 14:16:59  eSmile => SM__1__2015__9__3E
02/10/2015 14:17:11  eSmile => SC__0__1__1__5__0E
02/10/2015 14:17:11  eSmile => SM__1__2015__9__3E
02/10/2015 14:17:23  eSmile => SC__0__1__1__5__0E
02/10/2015 14:17:23  eSmile => SM__1__2015__9__3E
02/10/2015 14:17:35  eSmile => SC__0__1__1__5__0E
02/10/2015 14:17:35  eSmile => SM__1__2015__9__3E
02/10/2015 14:17:47  eSmile => SC__0__1__1__5__0E
02/10/2015 14:17:47  eSmile => SM__1__2015__9__3E
02/10/2015 14:17:59  eSmile => SC__0__1__1__5__0E
02/10/2015 14:17:59  eSmile => SM__1__2015__9__3E
02/10/2015 14:18:11  eSmile => SC__0__1__1__5__0E
02/10/2015 14:18:11  eSmile => SM__1__2015__9__3E
02/10/2015 14:18:23  eSmile => SC__0__1__1__5__0E
02/10/2015 14:18:23  eSmile => SM__1__2015__9__3E
02/10/2015 14:18:35  eSmile => SC__0__1__1__5__0E
02/10/2015 14:18:35  eSmile => SM__1__2015__9__3E
02/10/2015 14:18:47  eSmile => SC__0__1__1__5__0E
02/10/2015 14:18:47  eSmile => SM__1__2015__9__3E
02/10/2015 14:18:59  eSmile => SC__0__1__1__5__0E
02/10/2015 14:18:59  eSmile => SM__1__2015__9__3E
02/10/2015 14:19:11  eSmile => SC__0__1__1__5__0E
02/10/2015 14:19:11  eSmile => SM__1__2015__9__3E
02/10/2015 14:19:23  eSmile => SC__0__1__1__5__0E
02/10/2015 14:19:23  eSmile => SM__1__2015__9__3E
02/10/2015 14:19:35  eSmile => SC__0__1__1__5__0E
02/10/2015 14:19:35  eSmile => SM__1__2015__9__3E
02/10/2015 14:19:47  eSmile => SC__0__1__1__5__0E
02/10/2015 14:19:47  eSmile => SM__1__2015__9__3E
02/10/2015 14:19:59  eSmile => SC__0__1__1__5__0E
02/10/2015 14:19:59  eSmile => SM__1__2015__9__3E
02/10/2015 14:20:11  eSmile => SC__0__1__1__5__0E
02/10/2015 14:20:11  eSmile => SM__1__2015__9__3E
02/10/2015 14:20:23  eSmile => SC__0__1__1__5__0E
02/10/2015 14:20:23  eSmile => SM__1__2015__9__3E
02/10/2015 14:20:35  eSmile => SC__0__1__1__5__0E
02/10/2015 14:20:35  eSmile => SM__1__2015__9__3E
02/10/2015 14:20:47  eSmile => SC__0__1__1__5__0E
02/10/2015 14:20:47  eSmile => SM__1__2015__9__3E
02/10/2015 14:20:59  eSmile => SC__0__1__1__5__0E
02/10/2015 14:20:59  eSmile => SM__1__2015__9__3E
02/10/2015 14:21:11  eSmile => SC__0__1__1__5__0E
02/10/2015 14:21:11  eSmile => SM__1__2015__9__3E
02/10/2015 14:21:23  eSmile => SC__0__1__1__5__0E
02/10/2015 14:21:23  eSmile => SM__1__2015__9__3E
02/10/2015 14:21:35  eSmile => SC__0__1__1__5__0E
02/10/2015 14:21:35  eSmile => SM__1__2015__9__3E
02/10/2015 14:21:47  eSmile => SC__0__1__1__5__0E
02/10/2015 14:21:47  eSmile => SM__1__2015__9__3E
02/10/2015 14:21:59  eSmile => SC__0__1__1__5__0E
02/10/2015 14:21:59  eSmile => SM__1__2015__9__3E
02/10/2015 14:22:11  eSmile => SC__0__1__1__5__0E
02/10/2015 14:22:11  eSmile => SM__1__2015__9__3E
02/10/2015 14:22:23  eSmile => SC__0__1__1__5__0E
02/10/2015 14:22:23  eSmile => SM__1__2015__9__3E
02/10/2015 14:22:35  eSmile => SC__0__1__1__5__0E
02/10/2015 14:22:35  eSmile => SM__1__2015__9__3E
02/10/2015 14:22:47  eSmile => SC__0__1__1__5__0E
02/10/2015 14:22:47  eSmile => SM__1__2015__9__3E
02/10/2015 14:22:59  eSmile => SC__0__1__1__5__0E
02/10/2015 14:22:59  eSmile => SM__1__2015__9__3E
02/10/2015 14:23:11  eSmile => SC__0__1__1__5__0E
02/10/2015 14:23:11  eSmile => SM__1__2015__9__3E
02/10/2015 14:23:23  eSmile => SC__0__1__1__5__0E
02/10/2015 14:23:23  eSmile => SM__1__2015__9__3E
02/10/2015 14:23:35  eSmile => SC__0__1__1__5__0E
02/10/2015 14:23:35  eSmile => SM__1__2015__9__3E
02/10/2015 14:23:47  eSmile => SC__0__1__1__5__0E
02/10/2015 14:23:47  eSmile => SM__1__2015__9__3E
02/10/2015 14:23:59  eSmile => SC__0__1__1__5__0E
02/10/2015 14:23:59  eSmile => SM__1__2015__9__3E
02/10/2015 14:24:11  eSmile => SC__0__1__1__5__0E
02/10/2015 14:24:11  eSmile => SM__1__2015__9__3E
02/10/2015 14:24:23  eSmile => SC__0__1__1__5__0E
02/10/2015 14:24:23  eSmile => SM__1__2015__9__3E
02/10/2015 14:24:35  eSmile => SC__0__1__1__5__0E
02/10/2015 14:24:35  eSmile => SM__1__2015__9__3E
02/10/2015 14:24:47  eSmile => SC__0__1__1__5__0E
02/10/2015 14:24:47  eSmile => SM__1__2015__9__3E
02/10/2015 14:24:59  eSmile => SC__0__1__1__5__0E
02/10/2015 14:24:59  eSmile => SM__1__2015__9__3E
02/10/2015 14:25:11  eSmile => SC__0__1__1__5__0E
02/10/2015 14:25:11  eSmile => SM__1__2015__9__3E
02/10/2015 14:25:23  eSmile => SC__0__1__1__5__0E
02/10/2015 14:25:23  eSmile => SM__1__2015__9__3E
02/10/2015 14:25:35  eSmile => SC__0__1__1__5__0E
02/10/2015 14:25:35  eSmile => SM__1__2015__9__3E
02/10/2015 14:25:47  eSmile => SC__0__1__1__5__0E
02/10/2015 14:25:47  eSmile => SM__1__2015__9__3E
02/10/2015 14:25:59  eSmile => SC__0__1__1__5__0E
02/10/2015 14:25:59  eSmile => SM__1__2015__9__3E
02/10/2015 14:26:11  eSmile => SC__0__1__1__5__0E
02/10/2015 14:26:11  eSmile => SM__1__2015__9__3E
02/10/2015 14:26:23  eSmile => SC__0__1__1__5__0E
02/10/2015 14:26:23  eSmile => SM__1__2015__9__3E
02/10/2015 14:26:35  eSmile => SC__0__1__1__5__0E
02/10/2015 14:26:35  eSmile => SM__1__2015__9__3E
02/10/2015 14:26:47  eSmile => SC__0__1__1__5__0E
02/10/2015 14:26:47  eSmile => SM__1__2015__9__3E
02/10/2015 14:26:59  eSmile => SC__0__1__1__5__0E
02/10/2015 14:26:59  eSmile => SM__1__2015__9__3E
02/10/2015 14:27:11  eSmile => SC__0__1__1__5__0E
02/10/2015 14:27:11  eSmile => SM__1__2015__9__3E
02/10/2015 14:27:23  eSmile => SC__0__1__1__5__0E
02/10/2015 14:27:23  eSmile => SM__1__2015__9__3E
02/10/2015 14:27:35  eSmile => SC__0__1__1__5__0E
02/10/2015 14:27:35  eSmile => SM__1__2015__9__3E
02/10/2015 14:27:47  eSmile => SC__0__1__1__5__0E
02/10/2015 14:27:47  eSmile => SM__1__2015__9__3E
02/10/2015 14:27:59  eSmile => SC__0__1__1__5__0E
02/10/2015 14:27:59  eSmile => SM__1__2015__9__3E
02/10/2015 14:28:11  eSmile => SC__0__1__1__5__0E
02/10/2015 14:28:11  eSmile => SM__1__2015__9__3E
02/10/2015 14:28:23  eSmile => SC__0__1__1__5__0E
02/10/2015 14:28:23  eSmile => SM__1__2015__9__3E
02/10/2015 14:28:35  eSmile => SC__0__1__1__5__0E
02/10/2015 14:28:35  eSmile => SM__1__2015__9__3E
02/10/2015 14:28:47  eSmile => SC__0__1__1__5__0E
02/10/2015 14:28:47  eSmile => SM__1__2015__9__3E
02/10/2015 14:28:59  eSmile => SC__0__1__1__5__0E
02/10/2015 14:28:59  eSmile => SM__1__2015__9__3E
02/10/2015 14:29:11  eSmile => SC__0__1__1__5__0E
02/10/2015 14:29:11  eSmile => SM__1__2015__9__3E
02/10/2015 14:29:23  eSmile => SC__0__1__1__5__0E
02/10/2015 14:29:23  eSmile => SM__1__2015__9__3E
02/10/2015 14:29:35  eSmile => SC__0__1__1__5__0E
02/10/2015 14:29:35  eSmile => SM__1__2015__9__3E
02/10/2015 14:29:47  eSmile => SC__0__1__1__5__0E
02/10/2015 14:29:47  eSmile => SM__1__2015__9__3E
02/10/2015 14:29:59  eSmile => SC__0__1__1__5__0E
02/10/2015 14:29:59  eSmile => SM__1__2015__9__3E
02/10/2015 14:30:00  AQS <= SC__0__0024__1__Nil__1__null__0__-1__Nil__-1__Nil__10/02/2015 14:29:59 PM__Nil__Nil__Nil__Nil__Nil__Nil__NilE
02/10/2015 14:30:11  eSmile => SC__0__1__1__5__0E
02/10/2015 14:30:11  eSmile => SM__1__2015__9__3E
02/10/2015 14:30:23  eSmile => SC__0__1__1__5__0E
02/10/2015 14:30:23  eSmile => SM__1__2015__9__3E
02/10/2015 14:30:35  eSmile => SC__0__1__1__5__0E
02/10/2015 14:30:35  eSmile => SM__1__2015__9__3E
02/10/2015 14:30:47  eSmile => SC__0__1__1__5__0E
02/10/2015 14:30:47  eSmile => SM__1__2015__9__3E
02/10/2015 14:30:59  eSmile => SC__0__1__1__5__0E
02/10/2015 14:30:59  eSmile => SM__1__2015__9__3E
02/10/2015 14:31:11  eSmile => SC__0__1__1__5__0E
02/10/2015 14:31:11  eSmile => SM__1__2015__9__3E
02/10/2015 14:31:23  eSmile => SC__0__1__1__5__0E
02/10/2015 14:31:23  eSmile => SM__1__2015__9__3E
02/10/2015 14:31:35  eSmile => SC__0__1__1__5__0E
02/10/2015 14:31:35  eSmile => SM__1__2015__9__3E
02/10/2015 14:31:47  eSmile => SC__0__1__1__5__0E
02/10/2015 14:31:47  eSmile => SM__1__2015__9__3E
02/10/2015 14:31:59  eSmile => SC__0__1__1__5__0E
02/10/2015 14:31:59  eSmile => SM__1__2015__9__3E
02/10/2015 14:32:11  eSmile => SC__0__1__1__5__0E
02/10/2015 14:32:11  eSmile => SM__1__2015__9__3E
02/10/2015 14:32:23  eSmile => SC__0__1__1__5__0E
02/10/2015 14:32:23  eSmile => SM__1__2015__9__3E
02/10/2015 14:32:35  eSmile => SC__0__1__1__5__0E
02/10/2015 14:32:35  eSmile => SM__1__2015__9__3E
02/10/2015 14:32:47  eSmile => SC__0__1__1__5__0E
02/10/2015 14:32:47  eSmile => SM__1__2015__9__3E
02/10/2015 14:32:59  eSmile => SC__0__1__1__5__0E
02/10/2015 14:32:59  eSmile => SM__1__2015__9__3E
02/10/2015 14:33:11  eSmile => SC__0__1__1__5__0E
02/10/2015 14:33:11  eSmile => SM__1__2015__9__3E
02/10/2015 14:33:23  eSmile => SC__0__1__1__5__0E
02/10/2015 14:33:23  eSmile => SM__1__2015__9__3E
02/10/2015 14:33:35  eSmile => SC__0__1__1__5__0E
02/10/2015 14:33:35  eSmile => SM__1__2015__9__3E
02/10/2015 14:33:47  eSmile => SC__0__1__1__5__0E
02/10/2015 14:33:47  eSmile => SM__1__2015__9__3E
02/10/2015 14:33:59  eSmile => SC__0__1__1__5__0E
02/10/2015 14:33:59  eSmile => SM__1__2015__9__3E
02/10/2015 14:34:11  eSmile => SC__0__1__1__5__0E
02/10/2015 14:34:11  eSmile => SM__1__2015__9__3E
02/10/2015 14:34:23  eSmile => SC__0__1__1__5__0E
02/10/2015 14:34:23  eSmile => SM__1__2015__9__3E
02/10/2015 14:34:35  eSmile => SC__0__1__1__5__0E
02/10/2015 14:34:35  eSmile => SM__1__2015__9__3E
02/10/2015 14:34:47  eSmile => SC__0__1__1__5__0E
02/10/2015 14:34:47  eSmile => SM__1__2015__9__3E
02/10/2015 14:34:59  eSmile => SC__0__1__1__5__0E
02/10/2015 14:34:59  eSmile => SM__1__2015__9__3E
02/10/2015 14:35:11  eSmile => SC__0__1__1__5__0E
02/10/2015 14:35:11  eSmile => SM__1__2015__9__3E
02/10/2015 14:35:23  eSmile => SC__0__1__1__5__0E
02/10/2015 14:35:23  eSmile => SM__1__2015__9__3E
02/10/2015 14:35:35  eSmile => SC__0__1__1__5__0E
02/10/2015 14:35:35  eSmile => SM__1__2015__9__3E
02/10/2015 14:35:47  eSmile => SC__0__1__1__5__0E
02/10/2015 14:35:47  eSmile => SM__1__2015__9__3E
02/10/2015 14:35:59  eSmile => SC__0__1__1__5__0E
02/10/2015 14:35:59  eSmile => SM__1__2015__9__3E
02/10/2015 14:36:11  eSmile => SC__0__1__1__5__0E
02/10/2015 14:36:11  eSmile => SM__1__2015__9__3E
02/10/2015 14:36:23  eSmile => SC__0__1__1__5__0E
02/10/2015 14:36:23  eSmile => SM__1__2015__9__3E
02/10/2015 14:36:35  eSmile => SC__0__1__1__5__0E
02/10/2015 14:36:35  eSmile => SM__1__2015__9__3E
02/10/2015 14:36:47  eSmile => SC__0__1__1__5__0E
02/10/2015 14:36:47  eSmile => SM__1__2015__9__3E
02/10/2015 14:36:59  eSmile => SC__0__1__1__5__0E
02/10/2015 14:36:59  eSmile => SM__1__2015__9__3E
02/10/2015 14:37:11  eSmile => SC__0__1__1__5__0E
02/10/2015 14:37:11  eSmile => SM__1__2015__9__3E
02/10/2015 14:37:23  eSmile => SC__0__1__1__5__0E
02/10/2015 14:37:23  eSmile => SM__1__2015__9__3E
02/10/2015 14:37:35  eSmile => SC__0__1__1__5__0E
02/10/2015 14:37:35  eSmile => SM__1__2015__9__3E
02/10/2015 14:37:47  eSmile => SC__0__1__1__5__0E
02/10/2015 14:37:47  eSmile => SM__1__2015__9__3E
02/10/2015 14:37:59  eSmile => SC__0__1__1__5__0E
02/10/2015 14:37:59  eSmile => SM__1__2015__9__3E
02/10/2015 14:38:11  eSmile => SC__0__1__1__5__0E
02/10/2015 14:38:11  eSmile => SM__1__2015__9__3E
02/10/2015 14:38:23  eSmile => SC__0__1__1__5__0E
02/10/2015 14:38:23  eSmile => SM__1__2015__9__3E
02/10/2015 14:38:35  eSmile => SC__0__1__1__5__0E
02/10/2015 14:38:35  eSmile => SM__1__2015__9__3E
02/10/2015 14:38:47  eSmile => SC__0__1__1__5__0E
02/10/2015 14:38:47  eSmile => SM__1__2015__9__3E
02/10/2015 14:38:59  eSmile => SC__0__1__1__5__0E
02/10/2015 14:38:59  eSmile => SM__1__2015__9__3E
02/10/2015 14:39:11  eSmile => SC__0__1__1__5__0E
02/10/2015 14:39:11  eSmile => SM__1__2015__9__3E
02/10/2015 14:39:23  eSmile => SC__0__1__1__5__0E
02/10/2015 14:39:23  eSmile => SM__1__2015__9__3E
02/10/2015 14:39:35  eSmile => SC__0__1__1__5__0E
02/10/2015 14:39:35  eSmile => SM__1__2015__9__3E
02/10/2015 14:39:47  eSmile => SC__0__1__1__5__0E
02/10/2015 14:39:47  eSmile => SM__1__2015__9__3E
02/10/2015 14:39:59  eSmile => SC__0__1__1__5__0E
02/10/2015 14:39:59  eSmile => SM__1__2015__9__3E
02/10/2015 14:40:11  eSmile => SC__0__1__1__5__0E
02/10/2015 14:40:11  eSmile => SM__1__2015__9__3E
02/10/2015 14:40:23  eSmile => SC__0__1__1__5__0E
02/10/2015 14:40:23  eSmile => SM__1__2015__9__3E
02/10/2015 14:40:35  eSmile => SC__0__1__1__5__0E
02/10/2015 14:40:35  eSmile => SM__1__2015__9__3E
02/10/2015 14:40:47  eSmile => SC__0__1__1__5__0E
02/10/2015 14:40:47  eSmile => SM__1__2015__9__3E
02/10/2015 14:40:59  eSmile => SC__0__1__1__5__0E
02/10/2015 14:40:59  eSmile => SM__1__2015__9__3E
02/10/2015 14:41:11  eSmile => SC__0__1__1__5__0E
02/10/2015 14:41:11  eSmile => SM__1__2015__9__3E
02/10/2015 14:41:23  eSmile => SC__0__1__1__5__0E
02/10/2015 14:41:23  eSmile => SM__1__2015__9__3E
02/10/2015 14:41:35  eSmile => SC__0__1__1__5__0E
02/10/2015 14:41:35  eSmile => SM__1__2015__9__3E
02/10/2015 14:41:47  eSmile => SC__0__1__1__5__0E
02/10/2015 14:41:47  eSmile => SM__1__2015__9__3E
02/10/2015 14:41:59  eSmile => SC__0__1__1__5__0E
02/10/2015 14:41:59  eSmile => SM__1__2015__9__3E
02/10/2015 14:42:11  eSmile => SC__0__1__1__5__0E
02/10/2015 14:42:11  eSmile => SM__1__2015__9__3E
02/10/2015 14:42:23  eSmile => SC__0__1__1__5__0E
02/10/2015 14:42:23  eSmile => SM__1__2015__9__3E
02/10/2015 14:42:35  eSmile => SC__0__1__1__5__0E
02/10/2015 14:42:35  eSmile => SM__1__2015__9__3E
02/10/2015 14:42:47  eSmile => SC__0__1__1__5__0E
02/10/2015 14:42:47  eSmile => SM__1__2015__9__3E
02/10/2015 14:42:59  eSmile => SC__0__1__1__5__0E
02/10/2015 14:42:59  eSmile => SM__1__2015__9__3E
02/10/2015 14:43:11  eSmile => SC__0__1__1__5__0E
02/10/2015 14:43:11  eSmile => SM__1__2015__9__3E
02/10/2015 14:43:23  eSmile => SC__0__1__1__5__0E
02/10/2015 14:43:23  eSmile => SM__1__2015__9__3E
02/10/2015 14:43:35  eSmile => SC__0__1__1__5__0E
02/10/2015 14:43:35  eSmile => SM__1__2015__9__3E
02/10/2015 14:43:47  eSmile => SC__0__1__1__5__0E
02/10/2015 14:43:47  eSmile => SM__1__2015__9__3E
02/10/2015 14:43:59  eSmile => SC__0__1__1__5__0E
02/10/2015 14:43:59  eSmile => SM__1__2015__9__3E
02/10/2015 14:44:11  eSmile => SC__0__1__1__5__0E
02/10/2015 14:44:11  eSmile => SM__1__2015__9__3E
02/10/2015 14:44:23  eSmile => SC__0__1__1__5__0E
02/10/2015 14:44:23  eSmile => SM__1__2015__9__3E
02/10/2015 14:44:35  eSmile => SC__0__1__1__5__0E
02/10/2015 14:44:35  eSmile => SM__1__2015__9__3E
02/10/2015 14:44:47  eSmile => SC__0__1__1__5__0E
02/10/2015 14:44:47  eSmile => SM__1__2015__9__3E
02/10/2015 14:44:59  eSmile => SC__0__1__1__5__0E
02/10/2015 14:44:59  eSmile => SM__1__2015__9__3E
02/10/2015 14:45:11  eSmile => SC__0__1__1__5__0E
02/10/2015 14:45:11  eSmile => SM__1__2015__9__3E
02/10/2015 14:45:23  eSmile => SC__0__1__1__5__0E
02/10/2015 14:45:23  eSmile => SM__1__2015__9__3E
02/10/2015 14:45:35  eSmile => SC__0__1__1__5__0E
02/10/2015 14:45:35  eSmile => SM__1__2015__9__3E
02/10/2015 14:45:47  eSmile => SC__0__1__1__5__0E
02/10/2015 14:45:47  eSmile => SM__1__2015__9__3E
02/10/2015 14:45:59  eSmile => SC__0__1__1__5__0E
02/10/2015 14:45:59  eSmile => SM__1__2015__9__3E
02/10/2015 14:46:11  eSmile => SC__0__1__1__5__0E
02/10/2015 14:46:11  eSmile => SM__1__2015__9__3E
02/10/2015 14:46:23  eSmile => SC__0__1__1__5__0E
02/10/2015 14:46:23  eSmile => SM__1__2015__9__3E
02/10/2015 14:46:35  eSmile => SC__0__1__1__5__0E
02/10/2015 14:46:35  eSmile => SM__1__2015__9__3E
02/10/2015 14:46:47  eSmile => SC__0__1__1__5__0E
02/10/2015 14:46:47  eSmile => SM__1__2015__9__3E
02/10/2015 14:46:59  eSmile => SC__0__1__1__5__0E
02/10/2015 14:46:59  eSmile => SM__1__2015__9__3E
02/10/2015 14:47:11  eSmile => SC__0__1__1__5__0E
02/10/2015 14:47:11  eSmile => SM__1__2015__9__3E
02/10/2015 14:47:23  eSmile => SC__0__1__1__5__0E
02/10/2015 14:47:23  eSmile => SM__1__2015__9__3E
02/10/2015 14:47:35  eSmile => SC__0__1__1__5__0E
02/10/2015 14:47:35  eSmile => SM__1__2015__9__3E
02/10/2015 14:47:47  eSmile => SC__0__1__1__5__0E
02/10/2015 14:47:47  eSmile => SM__1__2015__9__3E
02/10/2015 14:47:59  eSmile => SC__0__1__1__5__0E
02/10/2015 14:47:59  eSmile => SM__1__2015__9__3E
02/10/2015 14:48:11  eSmile => SC__0__1__1__5__0E
02/10/2015 14:48:11  eSmile => SM__1__2015__9__3E
02/10/2015 14:48:23  eSmile => SC__0__1__1__5__0E
02/10/2015 14:48:23  eSmile => SM__1__2015__9__3E
02/10/2015 14:48:35  eSmile => SC__0__1__1__5__0E
02/10/2015 14:48:35  eSmile => SM__1__2015__9__3E
02/10/2015 14:48:47  eSmile => SC__0__1__1__5__0E
02/10/2015 14:48:47  eSmile => SM__1__2015__9__3E
02/10/2015 14:48:59  eSmile => SC__0__1__1__5__0E
02/10/2015 14:48:59  eSmile => SM__1__2015__9__3E
02/10/2015 14:49:11  eSmile => SC__0__1__1__5__0E
02/10/2015 14:49:11  eSmile => SM__1__2015__9__3E
02/10/2015 14:49:23  eSmile => SC__0__1__1__5__0E
02/10/2015 14:49:23  eSmile => SM__1__2015__9__3E
02/10/2015 14:49:35  eSmile => SC__0__1__1__5__0E
02/10/2015 14:49:35  eSmile => SM__1__2015__9__3E
02/10/2015 14:49:47  eSmile => SC__0__1__1__5__0E
02/10/2015 14:49:47  eSmile => SM__1__2015__9__3E
02/10/2015 14:49:59  eSmile => SC__0__1__1__5__0E
02/10/2015 14:49:59  eSmile => SM__1__2015__9__3E
02/10/2015 14:50:11  eSmile => SC__0__1__1__5__0E
02/10/2015 14:50:11  eSmile => SM__1__2015__9__3E
02/10/2015 14:50:23  eSmile => SC__0__1__1__5__0E
02/10/2015 14:50:23  eSmile => SM__1__2015__9__3E
02/10/2015 14:50:35  eSmile => SC__0__1__1__5__0E
02/10/2015 14:50:35  eSmile => SM__1__2015__9__3E
02/10/2015 14:50:47  eSmile => SC__0__1__1__5__0E
02/10/2015 14:50:47  eSmile => SM__1__2015__9__3E
02/10/2015 14:51:00  eSmile => SC__0__1__1__5__0E
02/10/2015 14:51:00  eSmile => SM__1__2015__9__3E
02/10/2015 14:51:12  eSmile => SC__0__1__1__5__0E
02/10/2015 14:51:12  eSmile => SM__1__2015__9__3E
02/10/2015 14:51:24  eSmile => SC__0__1__1__5__0E
02/10/2015 14:51:24  eSmile => SM__1__2015__9__3E
02/10/2015 14:51:36  eSmile => SC__0__1__1__5__0E
02/10/2015 14:51:36  eSmile => SM__1__2015__9__3E
02/10/2015 14:51:48  eSmile => SC__0__1__1__5__0E
02/10/2015 14:51:48  eSmile => SM__1__2015__9__3E
02/10/2015 14:52:00  eSmile => SC__0__1__1__5__0E
02/10/2015 14:52:00  eSmile => SM__1__2015__9__3E
02/10/2015 14:52:12  eSmile => SC__0__1__1__5__0E
02/10/2015 14:52:12  eSmile => SM__1__2015__9__3E
02/10/2015 14:52:24  eSmile => SC__0__1__1__5__0E
02/10/2015 14:52:24  eSmile => SM__1__2015__9__3E
02/10/2015 14:52:36  eSmile => SC__0__1__1__5__0E
02/10/2015 14:52:36  eSmile => SM__1__2015__9__3E
02/10/2015 14:52:48  eSmile => SC__0__1__1__5__0E
02/10/2015 14:52:48  eSmile => SM__1__2015__9__3E
02/10/2015 14:53:00  eSmile => SC__0__1__1__5__0E
02/10/2015 14:53:00  eSmile => SM__1__2015__9__3E
02/10/2015 14:53:12  eSmile => SC__0__1__1__5__0E
02/10/2015 14:53:12  eSmile => SM__1__2015__9__3E
02/10/2015 14:53:24  eSmile => SC__0__1__1__5__0E
02/10/2015 14:53:24  eSmile => SM__1__2015__9__3E
02/10/2015 14:53:36  eSmile => SC__0__1__1__5__0E
02/10/2015 14:53:36  eSmile => SM__1__2015__9__3E
02/10/2015 14:53:48  eSmile => SC__0__1__1__5__0E
02/10/2015 14:53:48  eSmile => SM__1__2015__9__3E
02/10/2015 14:54:00  eSmile => SC__0__1__1__5__0E
02/10/2015 14:54:00  eSmile => SM__1__2015__9__3E
02/10/2015 14:54:12  eSmile => SC__0__1__1__5__0E
02/10/2015 14:54:12  eSmile => SM__1__2015__9__3E
02/10/2015 14:54:24  eSmile => SC__0__1__1__5__0E
02/10/2015 14:54:24  eSmile => SM__1__2015__9__3E
02/10/2015 14:54:36  eSmile => SC__0__1__1__5__0E
02/10/2015 14:54:36  eSmile => SM__1__2015__9__3E
02/10/2015 14:54:48  eSmile => SC__0__1__1__5__0E
02/10/2015 14:54:48  eSmile => SM__1__2015__9__3E
02/10/2015 14:55:00  eSmile => SC__0__1__1__5__0E
02/10/2015 14:55:00  eSmile => SM__1__2015__9__3E
02/10/2015 14:55:12  eSmile => SC__0__1__1__5__0E
02/10/2015 14:55:12  eSmile => SM__1__2015__9__3E
02/10/2015 14:55:24  eSmile => SC__0__1__1__5__0E
02/10/2015 14:55:24  eSmile => SM__1__2015__9__3E
02/10/2015 14:55:36  eSmile => SC__0__1__1__5__0E
02/10/2015 14:55:36  eSmile => SM__1__2015__9__3E
02/10/2015 14:55:48  eSmile => SC__0__1__1__5__0E
02/10/2015 14:55:48  eSmile => SM__1__2015__9__3E
02/10/2015 14:56:00  eSmile => SC__0__1__1__5__0E
02/10/2015 14:56:00  eSmile => SM__1__2015__9__3E
02/10/2015 14:56:12  eSmile => SC__0__1__1__5__0E
02/10/2015 14:56:12  eSmile => SM__1__2015__9__3E
02/10/2015 14:56:24  eSmile => SC__0__1__1__5__0E
02/10/2015 14:56:24  eSmile => SM__1__2015__9__3E
02/10/2015 14:56:36  eSmile => SC__0__1__1__5__0E
02/10/2015 14:56:36  eSmile => SM__1__2015__9__3E
02/10/2015 14:56:48  eSmile => SC__0__1__1__5__0E
02/10/2015 14:56:48  eSmile => SM__1__2015__9__3E
02/10/2015 14:57:00  eSmile => SC__0__1__1__5__0E
02/10/2015 14:57:00  eSmile => SM__1__2015__9__3E
02/10/2015 14:57:12  eSmile => SC__0__1__1__5__0E
02/10/2015 14:57:12  eSmile => SM__1__2015__9__3E
02/10/2015 14:57:24  eSmile => SC__0__1__1__5__0E
02/10/2015 14:57:24  eSmile => SM__1__2015__9__3E
02/10/2015 14:57:36  eSmile => SC__0__1__1__5__0E
02/10/2015 14:57:36  eSmile => SM__1__2015__9__3E
02/10/2015 14:57:48  eSmile => SC__0__1__1__5__0E
02/10/2015 14:57:48  eSmile => SM__1__2015__9__3E
02/10/2015 14:58:00  eSmile => SC__0__1__1__5__0E
02/10/2015 14:58:00  eSmile => SM__1__2015__9__3E
02/10/2015 14:58:12  eSmile => SC__0__1__1__5__0E
02/10/2015 14:58:12  eSmile => SM__1__2015__9__3E
02/10/2015 14:58:24  eSmile => SC__0__1__1__5__0E
02/10/2015 14:58:24  eSmile => SM__1__2015__9__3E
02/10/2015 14:58:25  ACK => ERRORnull
02/10/2015 14:58:25  AQS <= SC__0__0025__1__Nil__1__null__0__-1__Nil__-1__Nil__10/02/2015 14:30:11 PM__Nil__Nil__Nil__Nil__Nil__Nil__NilE
02/10/2015 14:58:36  eSmile => SC__0__1__1__5__0E
02/10/2015 14:58:36  eSmile => SM__1__2015__9__3E
02/10/2015 14:58:48  eSmile => SC__0__1__1__5__0E
02/10/2015 14:58:48  eSmile => SM__1__2015__9__3E
02/10/2015 14:59:00  eSmile => SC__0__1__1__5__0E
02/10/2015 14:59:00  eSmile => SM__1__2015__9__3E
02/10/2015 14:59:12  eSmile => SC__0__1__1__5__0E
02/10/2015 14:59:12  eSmile => SM__1__2015__9__3E
02/10/2015 14:59:24  eSmile => SC__0__1__1__5__0E
02/10/2015 14:59:24  eSmile => SM__1__2015__9__3E
02/10/2015 14:59:36  eSmile => SC__0__1__1__5__0E
02/10/2015 14:59:36  eSmile => SM__1__2015__9__3E
02/10/2015 14:59:48  eSmile => SC__0__1__1__5__0E
02/10/2015 14:59:48  eSmile => SM__1__2015__9__3E
02/10/2015 15:00:00  eSmile => SC__0__1__1__5__0E
02/10/2015 15:00:00  eSmile => SM__1__2015__9__3E
02/10/2015 15:00:12  eSmile => SC__0__1__1__5__0E
02/10/2015 15:00:12  eSmile => SM__1__2015__9__3E
02/10/2015 15:00:24  eSmile => SC__0__1__1__5__0E
02/10/2015 15:00:24  eSmile => SM__1__2015__9__3E
02/10/2015 15:00:36  eSmile => SC__0__1__1__5__0E
02/10/2015 15:00:36  eSmile => SM__1__2015__9__3E
02/10/2015 15:00:48  eSmile => SC__0__1__1__5__0E
02/10/2015 15:00:48  eSmile => SM__1__2015__9__3E
02/10/2015 15:01:00  eSmile => SC__0__1__1__5__0E
02/10/2015 15:01:00  eSmile => SM__1__2015__9__3E
02/10/2015 15:01:12  eSmile => SC__0__1__1__5__0E
02/10/2015 15:01:12  eSmile => SM__1__2015__9__3E
02/10/2015 15:01:24  eSmile => SC__0__1__1__5__0E
02/10/2015 15:01:24  eSmile => SM__1__2015__9__3E
02/10/2015 15:01:36  eSmile => SC__0__1__1__5__0E
02/10/2015 15:01:36  eSmile => SM__1__2015__9__3E
02/10/2015 15:01:48  eSmile => SC__0__1__1__5__0E
02/10/2015 15:01:48  eSmile => SM__1__2015__9__3E
02/10/2015 15:02:00  eSmile => SC__0__1__1__5__0E
02/10/2015 15:02:00  eSmile => SM__1__2015__9__3E
02/10/2015 15:02:12  eSmile => SC__0__1__1__5__0E
02/10/2015 15:02:12  eSmile => SM__1__2015__9__3E
02/10/2015 15:02:24  eSmile => SC__0__1__1__5__0E
02/10/2015 15:02:24  eSmile => SM__1__2015__9__3E
02/10/2015 15:02:36  eSmile => SC__0__1__1__5__0E
02/10/2015 15:02:36  eSmile => SM__1__2015__9__3E
02/10/2015 15:02:48  eSmile => SC__0__1__1__5__0E
02/10/2015 15:02:48  eSmile => SM__1__2015__9__3E
02/10/2015 15:03:00  eSmile => SC__0__1__1__5__0E
02/10/2015 15:03:00  eSmile => SM__1__2015__9__3E
02/10/2015 15:03:12  eSmile => SC__0__1__1__5__0E
02/10/2015 15:03:12  eSmile => SM__1__2015__9__3E
02/10/2015 15:03:24  eSmile => SC__0__1__1__5__0E
02/10/2015 15:03:24  eSmile => SM__1__2015__9__3E
02/10/2015 15:03:36  eSmile => SC__0__1__1__5__0E
02/10/2015 15:03:36  eSmile => SM__1__2015__9__3E
02/10/2015 15:03:48  eSmile => SC__0__1__1__5__0E
02/10/2015 15:03:48  eSmile => SM__1__2015__9__3E
02/10/2015 15:04:00  eSmile => SC__0__1__1__5__0E
02/10/2015 15:04:00  eSmile => SM__1__2015__9__3E
02/10/2015 15:04:12  eSmile => SC__0__1__1__5__0E
02/10/2015 15:04:12  eSmile => SM__1__2015__9__3E
02/10/2015 15:04:24  eSmile => SC__0__1__1__5__0E
02/10/2015 15:04:24  eSmile => SM__1__2015__9__3E
02/10/2015 15:04:36  eSmile => SC__0__1__1__5__0E
02/10/2015 15:04:36  eSmile => SM__1__2015__9__3E
02/10/2015 15:04:48  eSmile => SC__0__1__1__5__0E
02/10/2015 15:04:48  eSmile => SM__1__2015__9__3E
02/10/2015 15:05:00  eSmile => SC__0__1__1__5__0E
02/10/2015 15:05:00  eSmile => SM__1__2015__9__3E
02/10/2015 15:05:12  eSmile => SC__0__1__1__5__0E
02/10/2015 15:05:12  eSmile => SM__1__2015__9__3E
02/10/2015 15:05:24  eSmile => SC__0__1__1__5__0E
02/10/2015 15:05:24  eSmile => SM__1__2015__9__3E
02/10/2015 15:05:36  eSmile => SC__0__1__1__5__0E
02/10/2015 15:05:36  eSmile => SM__1__2015__9__3E
02/10/2015 15:05:48  eSmile => SC__0__1__1__5__0E
02/10/2015 15:05:48  eSmile => SM__1__2015__9__3E
02/10/2015 15:06:00  eSmile => SC__0__1__1__5__0E
02/10/2015 15:06:00  eSmile => SM__1__2015__9__3E
02/10/2015 15:06:12  eSmile => SC__0__1__1__5__0E
02/10/2015 15:06:12  eSmile => SM__1__2015__9__3E
02/10/2015 15:06:24  eSmile => SC__0__1__1__5__0E
02/10/2015 15:06:24  eSmile => SM__1__2015__9__3E
02/10/2015 15:06:36  eSmile => SC__0__1__1__5__0E
02/10/2015 15:06:36  eSmile => SM__1__2015__9__3E
02/10/2015 15:06:48  eSmile => SC__0__1__1__5__0E
02/10/2015 15:06:48  eSmile => SM__1__2015__9__3E
02/10/2015 15:07:00  eSmile => SC__0__1__1__5__0E
02/10/2015 15:07:00  eSmile => SM__1__2015__9__3E
02/10/2015 15:07:12  eSmile => SC__0__1__1__5__0E
02/10/2015 15:07:12  eSmile => SM__1__2015__9__3E
02/10/2015 15:07:24  eSmile => SC__0__1__1__5__0E
02/10/2015 15:07:24  eSmile => SM__1__2015__9__3E
02/10/2015 15:07:36  eSmile => SC__0__1__1__5__0E
02/10/2015 15:07:36  eSmile => SM__1__2015__9__3E
02/10/2015 15:07:48  eSmile => SC__0__1__1__5__0E
02/10/2015 15:07:48  eSmile => SM__1__2015__9__3E
02/10/2015 15:08:00  eSmile => SC__0__1__1__5__0E
02/10/2015 15:08:00  eSmile => SM__1__2015__9__3E
02/10/2015 15:08:12  eSmile => SC__0__1__1__5__0E
02/10/2015 15:08:12  eSmile => SM__1__2015__9__3E
02/10/2015 15:08:24  eSmile => SC__0__1__1__5__0E
02/10/2015 15:08:24  eSmile => SM__1__2015__9__3E
02/10/2015 15:08:36  eSmile => SC__0__1__1__5__0E
02/10/2015 15:08:36  eSmile => SM__1__2015__9__3E
02/10/2015 15:08:48  eSmile => SC__0__1__1__5__0E
02/10/2015 15:08:48  eSmile => SM__1__2015__9__3E
02/10/2015 15:09:00  eSmile => SC__0__1__1__5__0E
02/10/2015 15:09:00  eSmile => SM__1__2015__9__3E
02/10/2015 15:09:12  eSmile => SC__0__1__1__5__0E
02/10/2015 15:09:12  eSmile => SM__1__2015__9__3E
02/10/2015 15:09:24  eSmile => SC__0__1__1__5__0E
02/10/2015 15:09:24  eSmile => SM__1__2015__9__3E
02/10/2015 15:09:36  eSmile => SC__0__1__1__5__0E
02/10/2015 15:09:36  eSmile => SM__1__2015__9__3E
02/10/2015 15:09:48  eSmile => SC__0__1__1__5__0E
02/10/2015 15:09:48  eSmile => SM__1__2015__9__3E
02/10/2015 15:10:00  eSmile => SC__0__1__1__5__0E
02/10/2015 15:10:00  eSmile => SM__1__2015__9__3E
02/10/2015 15:10:12  eSmile => SC__0__1__1__5__0E
02/10/2015 15:10:12  eSmile => SM__1__2015__9__3E
02/10/2015 15:10:24  eSmile => SC__0__1__1__5__0E
02/10/2015 15:10:24  eSmile => SM__1__2015__9__3E
02/10/2015 15:10:36  eSmile => SC__0__1__1__5__0E
02/10/2015 15:10:36  eSmile => SM__1__2015__9__3E
02/10/2015 15:10:48  eSmile => SC__0__1__1__5__0E
02/10/2015 15:10:48  eSmile => SM__1__2015__9__3E
02/10/2015 15:11:00  eSmile => SC__0__1__1__5__0E
02/10/2015 15:11:00  eSmile => SM__1__2015__9__3E
02/10/2015 15:11:12  eSmile => SC__0__1__1__5__0E
02/10/2015 15:11:12  eSmile => SM__1__2015__9__3E
02/10/2015 15:11:24  eSmile => SC__0__1__1__5__0E
02/10/2015 15:11:24  eSmile => SM__1__2015__9__3E
02/10/2015 15:11:36  eSmile => SC__0__1__1__5__0E
02/10/2015 15:11:36  eSmile => SM__1__2015__9__3E
02/10/2015 15:11:48  eSmile => SC__0__1__1__5__0E
02/10/2015 15:11:48  eSmile => SM__1__2015__9__3E
02/10/2015 15:12:00  eSmile => SC__0__1__1__5__0E
02/10/2015 15:12:00  eSmile => SM__1__2015__9__3E
02/10/2015 15:12:12  eSmile => SC__0__1__1__5__0E
02/10/2015 15:12:12  eSmile => SM__1__2015__9__3E
02/10/2015 15:12:24  eSmile => SC__0__1__1__5__0E
02/10/2015 15:12:24  eSmile => SM__1__2015__9__3E
02/10/2015 15:12:36  eSmile => SC__0__1__1__5__0E
02/10/2015 15:12:36  eSmile => SM__1__2015__9__3E
02/10/2015 15:12:48  eSmile => SC__0__1__1__5__0E
02/10/2015 15:12:48  eSmile => SM__1__2015__9__3E
02/10/2015 15:13:00  eSmile => SC__0__1__1__5__0E
02/10/2015 15:13:00  eSmile => SM__1__2015__9__3E
02/10/2015 15:13:12  eSmile => SC__0__1__1__5__0E
02/10/2015 15:13:12  eSmile => SM__1__2015__9__3E
02/10/2015 15:13:24  eSmile => SC__0__1__1__5__0E
02/10/2015 15:13:24  eSmile => SM__1__2015__9__3E
02/10/2015 15:13:36  eSmile => SC__0__1__1__5__0E
02/10/2015 15:13:36  eSmile => SM__1__2015__9__3E
02/10/2015 15:13:48  eSmile => SC__0__1__1__5__0E
02/10/2015 15:13:48  eSmile => SM__1__2015__9__3E
02/10/2015 15:14:00  eSmile => SC__0__1__1__5__0E
02/10/2015 15:14:00  eSmile => SM__1__2015__9__3E
02/10/2015 15:14:12  eSmile => SC__0__1__1__5__0E
02/10/2015 15:14:12  eSmile => SM__1__2015__9__3E
02/10/2015 15:14:24  eSmile => SC__0__1__1__5__0E
02/10/2015 15:14:24  eSmile => SM__1__2015__9__3E
02/10/2015 15:14:36  eSmile => SC__0__1__1__5__0E
02/10/2015 15:14:36  eSmile => SM__1__2015__9__3E
02/10/2015 15:14:48  eSmile => SC__0__1__1__5__0E
02/10/2015 15:14:48  eSmile => SM__1__2015__9__3E
02/10/2015 15:15:00  eSmile => SC__0__1__1__5__0E
02/10/2015 15:15:00  eSmile => SM__1__2015__9__3E
02/10/2015 15:15:12  eSmile => SC__0__1__1__5__0E
02/10/2015 15:15:12  eSmile => SM__1__2015__9__3E
02/10/2015 15:15:24  eSmile => SC__0__1__1__5__0E
02/10/2015 15:15:24  eSmile => SM__1__2015__9__3E
02/10/2015 15:15:36  eSmile => SC__0__1__1__5__0E
02/10/2015 15:15:36  eSmile => SM__1__2015__9__3E
02/10/2015 15:15:48  eSmile => SC__0__1__1__5__0E
02/10/2015 15:15:48  eSmile => SM__1__2015__9__3E
02/10/2015 15:16:00  eSmile => SC__0__1__1__5__0E
02/10/2015 15:16:00  eSmile => SM__1__2015__9__3E
02/10/2015 15:16:12  eSmile => SC__0__1__1__5__0E
02/10/2015 15:16:12  eSmile => SM__1__2015__9__3E
02/10/2015 15:16:24  eSmile => SC__0__1__1__5__0E
02/10/2015 15:16:24  eSmile => SM__1__2015__9__3E
02/10/2015 15:16:36  eSmile => SC__0__1__1__5__0E
02/10/2015 15:16:36  eSmile => SM__1__2015__9__3E
02/10/2015 15:16:48  eSmile => SC__0__1__1__5__0E
02/10/2015 15:16:48  eSmile => SM__1__2015__9__3E
02/10/2015 16:22:55  AQS <= SI__1__115.78.128.18__2999__AQS_LoginE
02/10/2015 16:22:55  ACK => SI__1E
02/10/2015 16:23:05  eSmile => SC__0__1__1__5__0E
02/10/2015 16:23:05  eSmile => SM__1__2015__9__3E
02/10/2015 16:26:47  AQS <= SI__1__115.78.128.18__2999__AQS_LoginE
02/10/2015 16:26:47  ACK => SI__1E
02/10/2015 16:26:58  eSmile => SC__0__1__1__5__0E
02/10/2015 16:26:58  eSmile => SM__1__2015__9__3E
02/10/2015 16:27:06  AQS <= SI__1__115.78.128.18__2999__AQS_LoginE
02/10/2015 16:27:06  ACK => SI__1E
02/10/2015 16:27:17  eSmile => SC__0__1__1__5__0E
02/10/2015 16:27:17  eSmile => SM__1__2015__9__3E
02/10/2015 16:27:29  eSmile => SC__0__1__1__5__0E
02/10/2015 16:27:29  eSmile => SM__1__2015__9__3E
02/10/2015 16:27:41  eSmile => SC__0__1__1__5__0E
02/10/2015 16:27:41  eSmile => SM__1__2015__9__3E
02/10/2015 16:30:57  AQS <= SI__1__115.78.128.18__2999__AQS_LoginE
02/10/2015 16:30:57  ACK => SI__1E
02/10/2015 16:31:05  eSmile => SC__0__1__1__5__0E
02/10/2015 16:31:05  eSmile => SM__1__2015__9__3E
02/10/2015 16:31:11  AQS <= SI__1__115.78.128.18__2999__AQS_LoginE
02/10/2015 16:31:11  ACK => SI__1E
02/10/2015 16:31:22  eSmile => SC__0__1__1__5__0E
02/10/2015 16:31:22  eSmile => SM__1__2015__9__3E
02/10/2015 16:32:17  AQS <= SI__1__115.78.128.18__2999__AQS_LoginE
02/10/2015 16:32:17  ACK => SI__1E
02/10/2015 16:32:22  eSmile => SC__0__1__1__5__0E
02/10/2015 16:32:22  eSmile => SM__1__2015__9__3E
02/10/2015 16:32:29  AQS <= SI__1__115.78.128.18__2999__AQS_LoginE
02/10/2015 16:32:29  ACK => SI__1E
02/10/2015 16:32:39  eSmile => SC__0__1__1__5__0E
02/10/2015 16:32:39  eSmile => SM__1__2015__9__3E
02/10/2015 16:35:37  AQS <= SI__1__115.78.128.18__2999__AQS_LoginE
02/10/2015 16:35:37  ACK => SI__1E
02/10/2015 16:35:39  eSmile => SC__0__1__1__5__0E
02/10/2015 16:35:39  eSmile => SM__1__2015__9__3E
02/10/2015 16:35:49  AQS <= SI__1__115.78.128.18__2999__AQS_LoginE
02/10/2015 16:35:49  ACK => SI__1E
02/10/2015 16:36:00  eSmile => SC__0__1__1__5__0E
02/10/2015 16:36:00  eSmile => SM__1__2015__9__3E
02/10/2015 16:36:12  eSmile => SC__0__1__1__5__0E
02/10/2015 16:36:12  eSmile => SM__1__2015__9__3E
02/10/2015 16:37:02  AQS <= SI__1__115.78.128.18__2999__AQS_LoginE
02/10/2015 16:37:02  ACK => SI__1E
02/10/2015 16:37:10  eSmile => SC__0__1__1__5__0E
02/10/2015 16:37:10  eSmile => SM__1__2015__9__3E
02/10/2015 16:37:22  eSmile => SC__0__1__1__5__0E
02/10/2015 16:37:22  eSmile => SM__1__2015__9__3E
02/10/2015 16:37:34  eSmile => SC__0__1__1__5__0E
02/10/2015 16:37:34  eSmile => SM__1__2015__9__3E
02/10/2015 16:37:46  eSmile => SC__0__1__1__5__0E
02/10/2015 16:37:46  eSmile => SM__1__2015__9__3E
02/10/2015 16:37:58  eSmile => SC__0__1__1__5__0E
02/10/2015 16:37:58  eSmile => SM__1__2015__9__3E
02/10/2015 16:38:10  eSmile => SC__0__1__1__5__0E
02/10/2015 16:38:10  eSmile => SM__1__2015__9__3E
02/10/2015 16:38:22  eSmile => SC__0__1__1__5__0E
02/10/2015 16:38:22  eSmile => SM__1__2015__9__3E
02/10/2015 16:38:34  eSmile => SC__0__1__1__5__0E
02/10/2015 16:38:34  eSmile => SM__1__2015__9__3E
02/10/2015 16:38:46  eSmile => SC__0__1__1__5__0E
02/10/2015 16:38:46  eSmile => SM__1__2015__9__3E
02/10/2015 16:38:58  eSmile => SC__0__1__1__5__0E
02/10/2015 16:38:58  eSmile => SM__1__2015__9__3E
02/10/2015 16:39:10  eSmile => SC__0__1__1__5__0E
02/10/2015 16:39:10  eSmile => SM__1__2015__9__3E
02/10/2015 16:39:22  eSmile => SC__0__1__1__5__0E
02/10/2015 16:39:22  eSmile => SM__1__2015__9__3E
02/10/2015 16:39:34  eSmile => SC__0__1__1__5__0E
02/10/2015 16:39:34  eSmile => SM__1__2015__9__3E
02/10/2015 16:39:46  eSmile => SC__0__1__1__5__0E
02/10/2015 16:39:46  eSmile => SM__1__2015__9__3E
02/10/2015 16:39:58  eSmile => SC__0__1__1__5__0E
02/10/2015 16:39:58  eSmile => SM__1__2015__9__3E
02/10/2015 16:40:10  eSmile => SC__0__1__1__5__0E
02/10/2015 16:40:10  eSmile => SM__1__2015__9__3E
02/10/2015 16:40:22  eSmile => SC__0__1__1__5__0E
02/10/2015 16:40:22  eSmile => SM__1__2015__9__3E
02/10/2015 16:40:34  eSmile => SC__0__1__1__5__0E
02/10/2015 16:40:34  eSmile => SM__1__2015__9__3E
02/10/2015 16:40:46  eSmile => SC__0__1__1__5__0E
02/10/2015 16:40:46  eSmile => SM__1__2015__9__3E
02/10/2015 16:40:58  eSmile => SC__0__1__1__5__0E
02/10/2015 16:40:58  eSmile => SM__1__2015__9__3E
02/10/2015 16:41:10  eSmile => SC__0__1__1__5__0E
02/10/2015 16:41:10  eSmile => SM__1__2015__9__3E
02/10/2015 16:41:22  eSmile => SC__0__1__1__5__0E
02/10/2015 16:41:22  eSmile => SM__1__2015__9__3E
02/10/2015 16:41:34  eSmile => SC__0__1__1__5__0E
02/10/2015 16:41:34  eSmile => SM__1__2015__9__3E
02/10/2015 16:42:01  AQS <= SI__1__115.78.128.18__2999__AQS_LoginE
02/10/2015 16:42:01  ACK => SI__1E
02/10/2015 16:42:12  eSmile => SC__0__1__1__5__0E
02/10/2015 16:42:12  eSmile => SM__1__2015__9__3E
02/10/2015 16:42:24  eSmile => SC__0__1__1__5__0E
02/10/2015 16:42:24  eSmile => SM__1__2015__9__3E
02/10/2015 16:42:36  eSmile => SC__0__1__1__5__0E
02/10/2015 16:42:36  eSmile => SM__1__2015__9__3E
02/10/2015 16:42:48  eSmile => SC__0__1__1__5__0E
02/10/2015 16:42:48  eSmile => SM__1__2015__9__3E
02/10/2015 16:43:00  eSmile => SC__0__1__1__5__0E
02/10/2015 16:43:00  eSmile => SM__1__2015__9__3E
02/10/2015 16:43:12  eSmile => SC__0__1__1__5__0E
02/10/2015 16:43:12  eSmile => SM__1__2015__9__3E
02/10/2015 16:43:24  eSmile => SC__0__1__1__5__0E
02/10/2015 16:43:24  eSmile => SM__1__2015__9__3E
02/10/2015 16:43:36  eSmile => SC__0__1__1__5__0E
02/10/2015 16:43:36  eSmile => SM__1__2015__9__3E
02/10/2015 16:43:48  eSmile => SC__0__1__1__5__0E
02/10/2015 16:43:48  eSmile => SM__1__2015__9__3E
02/10/2015 16:44:00  eSmile => SC__0__1__1__5__0E
02/10/2015 16:44:00  eSmile => SM__1__2015__9__3E
02/10/2015 16:44:12  eSmile => SC__0__1__1__5__0E
02/10/2015 16:44:12  eSmile => SM__1__2015__9__3E
02/10/2015 16:44:24  eSmile => SC__0__1__1__5__0E
02/10/2015 16:44:24  eSmile => SM__1__2015__9__3E
02/10/2015 16:44:36  eSmile => SC__0__1__1__5__0E
02/10/2015 16:44:36  eSmile => SM__1__2015__9__3E
02/10/2015 16:44:44  AQS <= SI__1__115.78.128.18__2999__AQS_LoginE
02/10/2015 16:44:44  ACK => SI__1E
02/10/2015 16:44:55  eSmile => SC__0__1__1__5__0E
02/10/2015 16:44:55  eSmile => SM__1__2015__9__3E
02/10/2015 16:45:07  eSmile => SC__0__1__1__5__0E
02/10/2015 16:45:07  eSmile => SM__1__2015__9__3E
02/10/2015 16:45:19  eSmile => SC__0__1__1__5__0E
02/10/2015 16:45:19  eSmile => SM__1__2015__9__3E
02/10/2015 16:45:31  eSmile => SC__0__1__1__5__0E
02/10/2015 16:45:31  eSmile => SM__1__2015__9__3E
02/10/2015 16:45:43  eSmile => SC__0__1__1__5__0E
02/10/2015 16:45:43  eSmile => SM__1__2015__9__3E
02/10/2015 16:45:55  eSmile => SC__0__1__1__5__0E
02/10/2015 16:45:55  eSmile => SM__1__2015__9__3E
02/10/2015 16:46:06  AQS <= SI__1__115.78.128.18__2999__AQS_LoginE
02/10/2015 16:46:06  ACK => SI__1E
02/10/2015 16:48:53  AQS <= SI__1__115.78.128.18__2999__AQS_LoginE
02/10/2015 16:48:53  ACK => SI__1E
02/10/2015 16:49:05  eSmile => SC__0__1__1__5__0E
02/10/2015 16:49:05  eSmile => SM__1__2015__9__3E
02/10/2015 16:49:17  eSmile => SC__0__1__1__5__0E
02/10/2015 16:49:17  eSmile => SM__1__2015__9__3E
02/10/2015 16:49:29  eSmile => SC__0__1__1__5__0E
02/10/2015 16:49:29  eSmile => SM__1__2015__9__3E
02/10/2015 16:49:41  eSmile => SC__0__1__1__5__0E
02/10/2015 16:49:41  eSmile => SM__1__2015__9__3E
02/10/2015 16:50:18  AQS <= SI__1__115.78.128.18__2999__AQS_LoginE
02/10/2015 16:50:18  ACK => SI__1E
02/10/2015 16:50:28  eSmile => SC__0__1__1__5__0E
02/10/2015 16:50:28  eSmile => SM__1__2015__9__3E
02/10/2015 16:50:40  eSmile => SC__0__1__1__5__0E
02/10/2015 16:50:40  eSmile => SM__1__2015__9__3E
02/10/2015 16:50:52  eSmile => SC__0__1__1__5__0E
02/10/2015 16:50:52  eSmile => SM__1__2015__9__3E
02/10/2015 16:51:04  eSmile => SC__0__1__1__5__0E
02/10/2015 16:51:04  eSmile => SM__1__2015__9__3E
02/10/2015 16:51:16  eSmile => SC__0__1__1__5__0E
02/10/2015 16:51:16  eSmile => SM__1__2015__9__3E
02/10/2015 16:51:28  eSmile => SC__0__1__1__5__0E
02/10/2015 16:51:28  eSmile => SM__1__2015__9__3E
02/10/2015 16:51:40  eSmile => SC__0__1__1__5__0E
02/10/2015 16:51:40  eSmile => SM__1__2015__9__3E
02/10/2015 16:52:45  AQS <= SI__1__115.78.128.18__2999__AQS_LoginE
02/10/2015 16:52:45  ACK => SI__1E
02/10/2015 16:52:55  eSmile => SC__0__1__1__5__0E
02/10/2015 16:52:55  eSmile => SM__1__2015__9__3E
02/10/2015 16:53:07  eSmile => SC__0__1__1__5__0E
02/10/2015 16:53:07  eSmile => SM__1__2015__9__3E
02/10/2015 16:53:19  eSmile => SC__0__1__1__5__0E
02/10/2015 16:53:19  eSmile => SM__1__2015__9__3E
02/10/2015 16:53:31  eSmile => SC__0__1__1__5__0E
02/10/2015 16:53:31  eSmile => SM__1__2015__9__3E
02/10/2015 16:53:43  eSmile => SC__0__1__1__5__0E
02/10/2015 16:53:43  eSmile => SM__1__2015__9__3E
02/10/2015 16:53:55  eSmile => SC__0__1__1__5__0E
02/10/2015 16:53:55  eSmile => SM__1__2015__9__3E
02/10/2015 16:54:07  eSmile => SC__0__1__1__5__0E
02/10/2015 16:54:07  eSmile => SM__1__2015__9__3E
02/10/2015 16:54:19  eSmile => SC__0__1__1__5__0E
02/10/2015 16:54:19  eSmile => SM__1__2015__9__3E
02/10/2015 16:54:31  eSmile => SC__0__1__1__5__0E
02/10/2015 16:54:31  eSmile => SM__1__2015__9__3E
02/10/2015 16:54:43  eSmile => SC__0__1__1__5__0E
02/10/2015 16:54:43  eSmile => SM__1__2015__9__3E
02/10/2015 16:54:52  AQS <= SI__1__115.78.128.18__2999__AQS_LoginE
02/10/2015 16:54:52  ACK => SI__1E
02/10/2015 16:55:00  eSmile => SC__0__1__1__5__0E
02/10/2015 16:55:00  eSmile => SM__1__2015__9__3E
02/10/2015 16:55:12  eSmile => SC__0__1__1__5__0E
02/10/2015 16:55:12  eSmile => SM__1__2015__9__3E
02/10/2015 16:55:24  eSmile => SC__0__1__1__5__0E
02/10/2015 16:55:24  eSmile => SM__1__2015__9__3E
02/10/2015 16:55:36  eSmile => SC__0__1__1__5__0E
02/10/2015 16:55:36  eSmile => SM__1__2015__9__3E
02/10/2015 16:55:48  eSmile => SC__0__1__1__5__0E
02/10/2015 16:55:48  eSmile => SM__1__2015__9__3E
02/10/2015 16:56:00  eSmile => SC__0__1__1__5__0E
02/10/2015 16:56:00  eSmile => SM__1__2015__9__3E
02/10/2015 16:56:12  eSmile => SC__0__1__1__5__0E
02/10/2015 16:56:12  eSmile => SM__1__2015__9__3E
02/10/2015 16:56:24  eSmile => SC__0__1__1__5__0E
02/10/2015 16:56:24  eSmile => SM__1__2015__9__3E
02/10/2015 16:56:36  eSmile => SC__0__1__1__5__0E
02/10/2015 16:56:36  eSmile => SM__1__2015__9__3E
