[dd/mm/yyyy hh:mm:ss messageLog]
16/10/2015 15:11:19  -----------DownThread_VuongHoa@----------------
16/10/2015 15:11:19  !------------------------------------------------------------------------------------------------
16/10/2015 15:11:19  FTP:[10.206.1.68 - user - 123]
16/10/2015 15:11:19  Delete file(PMS151016031119.ftp) local.In Case File is not exist!
16/10/2015 15:11:19  remoteDir=IPTV/pms.ftp is not exist or is empty dir!
16/10/2015 15:11:20  -----------DownThread_VuongHoa@----------------
16/10/2015 15:11:20  !------------------------------------------------------------------------------------------------
16/10/2015 15:11:20  FTP:[10.206.1.68 - user - 123]
16/10/2015 15:11:20  Delete file(PMS151016031120.ftp) local.In Case File is not exist!
16/10/2015 15:11:20  remoteDir=IPTV/pms.ftp is not exist or is empty dir!
16/10/2015 15:11:21  -----------DownThread_VuongHoa@----------------
16/10/2015 15:11:21  !------------------------------------------------------------------------------------------------
16/10/2015 15:11:21  FTP:[10.206.1.68 - user - 123]
16/10/2015 15:11:21  Delete file(PMS151016031121.ftp) local.In Case File is not exist!
16/10/2015 15:11:21  remoteDir=IPTV/pms.ftp is not exist or is empty dir!
16/10/2015 15:11:22  -----------DownThread_VuongHoa@----------------
16/10/2015 15:11:22  !------------------------------------------------------------------------------------------------
16/10/2015 15:11:22  FTP:[10.206.1.68 - user - 123]
16/10/2015 15:11:22  Delete file(PMS151016031122.ftp) local.In Case File is not exist!
16/10/2015 15:11:22  remoteDir=IPTV/pms.ftp is not exist or is empty dir!
16/10/2015 15:11:23  -----------DownThread_VuongHoa@----------------
16/10/2015 15:11:23  !------------------------------------------------------------------------------------------------
16/10/2015 15:11:23  FTP:[10.206.1.68 - user - 123]
16/10/2015 15:11:23  Delete file(PMS151016031123.ftp) local.In Case File is not exist!
16/10/2015 15:11:23  remoteDir=IPTV/pms.ftp is not exist or is empty dir!
16/10/2015 15:11:24  -----------DownThread_VuongHoa@----------------
16/10/2015 15:11:24  !------------------------------------------------------------------------------------------------
16/10/2015 15:11:24  FTP:[10.206.1.68 - user - 123]
16/10/2015 15:11:24  Delete file(PMS151016031124.ftp) local.In Case File is not exist!
16/10/2015 15:11:24  remoteDir=IPTV/pms.ftp is not exist or is empty dir!
16/10/2015 15:11:25  -----------DownThread_VuongHoa@----------------
16/10/2015 15:11:25  !------------------------------------------------------------------------------------------------
16/10/2015 15:11:25  FTP:[10.206.1.68 - user - 123]
16/10/2015 15:11:25  Delete file(PMS151016031125.ftp) local.In Case File is not exist!
16/10/2015 15:11:25  remoteDir=IPTV/pms.ftp is not exist or is empty dir!
16/10/2015 15:11:26  -----------DownThread_VuongHoa@----------------
16/10/2015 15:11:26  !------------------------------------------------------------------------------------------------
16/10/2015 15:11:26  FTP:[10.206.1.68 - user - 123]
16/10/2015 15:11:26  Delete file(PMS151016031126.ftp) local.In Case File is not exist!
16/10/2015 15:11:26  remoteDir=IPTV/pms.ftp is not exist or is empty dir!
16/10/2015 15:11:27  -----------DownThread_VuongHoa@----------------
16/10/2015 15:11:27  !------------------------------------------------------------------------------------------------
16/10/2015 15:11:27  FTP:[10.206.1.68 - user - 123]
16/10/2015 15:11:27  Delete file(PMS151016031127.ftp) local.In Case File is not exist!
16/10/2015 15:11:27  remoteDir=IPTV/pms.ftp is not exist or is empty dir!
16/10/2015 15:11:28  -----------DownThread_VuongHoa@----------------
16/10/2015 15:11:28  !------------------------------------------------------------------------------------------------
16/10/2015 15:11:28  FTP:[10.206.1.68 - user - 123]
16/10/2015 15:11:28  Delete file(PMS151016031128.ftp) local.In Case File is not exist!
16/10/2015 15:11:28  remoteDir=IPTV/pms.ftp is not exist or is empty dir!
16/10/2015 15:11:29  -----------DownThread_VuongHoa@----------------
16/10/2015 15:11:29  !------------------------------------------------------------------------------------------------
16/10/2015 15:11:29  FTP:[10.206.1.68 - user - 123]
16/10/2015 15:11:29  Delete file(PMS151016031129.ftp) local.In Case File is not exist!
16/10/2015 15:11:29  remoteDir=IPTV/pms.ftp is not exist or is empty dir!
16/10/2015 15:11:30  -----------DownThread_VuongHoa@----------------
16/10/2015 15:11:30  !------------------------------------------------------------------------------------------------
16/10/2015 15:11:30  FTP:[10.206.1.68 - user - 123]
16/10/2015 15:11:30  Delete file(PMS151016031130.ftp) local.In Case File is not exist!
16/10/2015 15:11:30  remoteDir=IPTV/pms.ftp is not exist or is empty dir!
16/10/2015 15:11:31  -----------DownThread_VuongHoa@----------------
16/10/2015 15:11:31  !------------------------------------------------------------------------------------------------
16/10/2015 15:11:31  FTP:[10.206.1.68 - user - 123]
16/10/2015 15:11:31  Delete file(PMS151016031131.ftp) local.In Case File is not exist!
16/10/2015 15:11:31  remoteDir=IPTV/pms.ftp is not exist or is empty dir!
16/10/2015 15:11:32  -----------DownThread_VuongHoa@----------------
16/10/2015 15:11:32  !------------------------------------------------------------------------------------------------
16/10/2015 15:11:32  FTP:[10.206.1.68 - user - 123]
16/10/2015 15:11:32  Delete file(PMS151016031132.ftp) local.In Case File is not exist!
16/10/2015 15:11:32  remoteDir=IPTV/pms.ftp is not exist or is empty dir!
16/10/2015 15:11:33  -----------DownThread_VuongHoa@----------------
16/10/2015 15:11:33  !------------------------------------------------------------------------------------------------
16/10/2015 15:11:33  FTP:[10.206.1.68 - user - 123]
16/10/2015 15:11:33  Delete file(PMS151016031133.ftp) local.In Case File is not exist!
16/10/2015 15:11:33  remoteDir=IPTV/pms.ftp is not exist or is empty dir!
16/10/2015 15:11:34  -----------DownThread_VuongHoa@----------------
16/10/2015 15:11:34  !------------------------------------------------------------------------------------------------
16/10/2015 15:11:34  FTP:[10.206.1.68 - user - 123]
16/10/2015 15:11:34  Delete file(PMS151016031134.ftp) local.In Case File is not exist!
16/10/2015 15:11:34  remoteDir=IPTV/pms.ftp is not exist or is empty dir!
16/10/2015 15:11:35  -----------DownThread_VuongHoa@----------------
16/10/2015 15:11:35  !------------------------------------------------------------------------------------------------
16/10/2015 15:11:35  FTP:[10.206.1.68 - user - 123]
16/10/2015 15:11:35  Delete file(PMS151016031135.ftp) local.In Case File is not exist!
16/10/2015 15:11:35  remoteDir=IPTV/pms.ftp is not exist or is empty dir!
16/10/2015 15:11:36  -----------DownThread_VuongHoa@----------------
16/10/2015 15:11:36  !------------------------------------------------------------------------------------------------
16/10/2015 15:11:36  FTP:[10.206.1.68 - user - 123]
16/10/2015 15:11:36  Delete file(PMS151016031136.ftp) local.In Case File is not exist!
16/10/2015 15:11:36  remoteDir=IPTV/pms.ftp is not exist or is empty dir!
16/10/2015 15:11:37  -----------DownThread_VuongHoa@----------------
16/10/2015 15:11:37  !------------------------------------------------------------------------------------------------
16/10/2015 15:11:37  FTP:[10.206.1.68 - user - 123]
16/10/2015 15:11:37  Delete file(PMS151016031137.ftp) local.In Case File is not exist!
16/10/2015 15:11:37  remoteDir=IPTV/pms.ftp is not exist or is empty dir!
16/10/2015 15:11:38  -----------DownThread_VuongHoa@----------------
16/10/2015 15:11:38  !------------------------------------------------------------------------------------------------
16/10/2015 15:11:38  FTP:[10.206.1.68 - user - 123]
16/10/2015 15:11:38  Delete file(PMS151016031138.ftp) local.In Case File is not exist!
16/10/2015 15:11:38  remoteDir=IPTV/pms.ftp is not exist or is empty dir!
16/10/2015 15:11:39  -----------DownThread_VuongHoa@----------------
16/10/2015 15:11:39  !------------------------------------------------------------------------------------------------
16/10/2015 15:11:39  FTP:[10.206.1.68 - user - 123]
16/10/2015 15:11:39  Delete file(PMS151016031139.ftp) local.In Case File is not exist!
16/10/2015 15:11:39  remoteDir=IPTV/pms.ftp is not exist or is empty dir!
16/10/2015 15:11:40  -----------DownThread_VuongHoa@----------------
16/10/2015 15:11:40  !------------------------------------------------------------------------------------------------
16/10/2015 15:11:40  FTP:[10.206.1.68 - user - 123]
16/10/2015 15:11:40  Delete file(PMS151016031140.ftp) local.In Case File is not exist!
16/10/2015 15:11:40  remoteDir=IPTV/pms.ftp is not exist or is empty dir!
16/10/2015 15:11:41  -----------DownThread_VuongHoa@----------------
16/10/2015 15:11:41  !------------------------------------------------------------------------------------------------
16/10/2015 15:11:41  FTP:[10.206.1.68 - user - 123]
16/10/2015 15:11:41  Delete file(PMS151016031141.ftp) local.In Case File is not exist!
16/10/2015 15:11:41  remoteDir=IPTV/pms.ftp is not exist or is empty dir!
16/10/2015 15:11:42  -----------DownThread_VuongHoa@----------------
16/10/2015 15:11:42  !------------------------------------------------------------------------------------------------
16/10/2015 15:11:42  FTP:[10.206.1.68 - user - 123]
16/10/2015 15:11:42  Delete file(PMS151016031142.ftp) local.In Case File is not exist!
16/10/2015 15:11:42  remoteDir=IPTV/pms.ftp is not exist or is empty dir!
16/10/2015 15:11:43  -----------DownThread_VuongHoa@----------------
16/10/2015 15:11:43  !------------------------------------------------------------------------------------------------
16/10/2015 15:11:43  FTP:[10.206.1.68 - user - 123]
16/10/2015 15:11:43  Delete file(PMS151016031143.ftp) local.In Case File is not exist!
16/10/2015 15:11:43  remoteDir=IPTV/pms.ftp is not exist or is empty dir!
16/10/2015 15:11:44  -----------DownThread_VuongHoa@----------------
16/10/2015 15:11:44  !------------------------------------------------------------------------------------------------
16/10/2015 15:11:44  FTP:[10.206.1.68 - user - 123]
16/10/2015 15:11:44  Delete file(PMS151016031144.ftp) local.In Case File is not exist!
16/10/2015 15:11:44  remoteDir=IPTV/pms.ftp is not exist or is empty dir!
16/10/2015 15:11:45  -----------DownThread_VuongHoa@----------------
16/10/2015 15:11:45  !------------------------------------------------------------------------------------------------
16/10/2015 15:11:45  FTP:[10.206.1.68 - user - 123]
16/10/2015 15:11:45  Delete file(PMS151016031145.ftp) local.In Case File is not exist!
16/10/2015 15:11:45  remoteDir=IPTV/pms.ftp is not exist or is empty dir!
16/10/2015 15:11:46  -----------DownThread_VuongHoa@----------------
16/10/2015 15:11:46  !------------------------------------------------------------------------------------------------
16/10/2015 15:11:46  FTP:[10.206.1.68 - user - 123]
16/10/2015 15:11:46  Delete file(PMS151016031146.ftp) local.In Case File is not exist!
16/10/2015 15:11:46  remoteDir=IPTV/pms.ftp is not exist or is empty dir!
16/10/2015 15:11:47  -----------DownThread_VuongHoa@----------------
16/10/2015 15:11:47  !------------------------------------------------------------------------------------------------
16/10/2015 15:11:47  FTP:[10.206.1.68 - user - 123]
16/10/2015 15:11:47  Delete file(PMS151016031147.ftp) local.In Case File is not exist!
16/10/2015 15:11:47  remoteDir=IPTV/pms.ftp is not exist or is empty dir!
16/10/2015 15:11:48  -----------DownThread_VuongHoa@----------------
16/10/2015 15:11:48  !------------------------------------------------------------------------------------------------
16/10/2015 15:11:48  FTP:[10.206.1.68 - user - 123]
16/10/2015 15:11:48  Delete file(PMS151016031148.ftp) local.In Case File is not exist!
16/10/2015 15:11:48  remoteDir=IPTV/pms.ftp is not exist or is empty dir!
16/10/2015 15:11:49  -----------DownThread_VuongHoa@----------------
16/10/2015 15:11:49  !------------------------------------------------------------------------------------------------
16/10/2015 15:11:49  FTP:[10.206.1.68 - user - 123]
16/10/2015 15:11:49  Delete file(PMS151016031149.ftp) local.In Case File is not exist!
16/10/2015 15:11:49  remoteDir=IPTV/pms.ftp is not exist or is empty dir!
16/10/2015 15:11:50  -----------DownThread_VuongHoa@----------------
16/10/2015 15:11:50  !------------------------------------------------------------------------------------------------
16/10/2015 15:11:50  FTP:[10.206.1.68 - user - 123]
16/10/2015 15:11:50  Delete file(PMS151016031150.ftp) local.In Case File is not exist!
16/10/2015 15:11:50  remoteDir=IPTV/pms.ftp is not exist or is empty dir!
16/10/2015 15:11:51  -----------DownThread_VuongHoa@----------------
16/10/2015 15:11:51  !------------------------------------------------------------------------------------------------
16/10/2015 15:11:51  FTP:[10.206.1.68 - user - 123]
16/10/2015 15:11:51  Delete file(PMS151016031151.ftp) local.In Case File is not exist!
16/10/2015 15:11:51  remoteDir=IPTV/pms.ftp is not exist or is empty dir!
16/10/2015 15:11:52  -----------DownThread_VuongHoa@----------------
16/10/2015 15:11:52  !------------------------------------------------------------------------------------------------
16/10/2015 15:11:52  FTP:[10.206.1.68 - user - 123]
16/10/2015 15:11:52  Delete file(PMS151016031152.ftp) local.In Case File is not exist!
16/10/2015 15:11:52  remoteDir=IPTV/pms.ftp is not exist or is empty dir!
16/10/2015 15:11:53  -----------DownThread_VuongHoa@----------------
16/10/2015 15:11:53  !------------------------------------------------------------------------------------------------
16/10/2015 15:11:53  FTP:[10.206.1.68 - user - 123]
16/10/2015 15:11:53  Delete file(PMS151016031153.ftp) local.In Case File is not exist!
16/10/2015 15:11:53  remoteDir=IPTV/pms.ftp is not exist or is empty dir!
16/10/2015 15:11:54  -----------DownThread_VuongHoa@----------------
16/10/2015 15:11:54  !------------------------------------------------------------------------------------------------
16/10/2015 15:11:54  FTP:[10.206.1.68 - user - 123]
16/10/2015 15:11:54  Delete file(PMS151016031154.ftp) local.In Case File is not exist!
16/10/2015 15:11:54  remoteDir=IPTV/pms.ftp is not exist or is empty dir!
16/10/2015 15:11:55  -----------DownThread_VuongHoa@----------------
16/10/2015 15:11:55  !------------------------------------------------------------------------------------------------
16/10/2015 15:11:55  FTP:[10.206.1.68 - user - 123]
16/10/2015 15:11:55  Delete file(PMS151016031155.ftp) local.In Case File is not exist!
16/10/2015 15:11:55  remoteDir=IPTV/pms.ftp is not exist or is empty dir!
16/10/2015 15:11:56  -----------DownThread_VuongHoa@----------------
16/10/2015 15:11:56  !------------------------------------------------------------------------------------------------
16/10/2015 15:11:56  FTP:[10.206.1.68 - user - 123]
16/10/2015 15:11:56  Delete file(PMS151016031156.ftp) local.In Case File is not exist!
16/10/2015 15:11:56  remoteDir=IPTV/pms.ftp is not exist or is empty dir!
16/10/2015 15:11:57  -----------DownThread_VuongHoa@----------------
16/10/2015 15:11:57  !------------------------------------------------------------------------------------------------
16/10/2015 15:11:57  FTP:[10.206.1.68 - user - 123]
16/10/2015 15:11:57  Delete file(PMS151016031157.ftp) local.In Case File is not exist!
16/10/2015 15:11:57  remoteDir=IPTV/pms.ftp is not exist or is empty dir!
16/10/2015 15:11:58  -----------DownThread_VuongHoa@----------------
16/10/2015 15:11:58  !------------------------------------------------------------------------------------------------
16/10/2015 15:11:58  FTP:[10.206.1.68 - user - 123]
16/10/2015 15:11:58  Delete file(PMS151016031158.ftp) local.In Case File is not exist!
16/10/2015 15:11:58  remoteDir=IPTV/pms.ftp is not exist or is empty dir!
16/10/2015 15:11:59  -----------DownThread_VuongHoa@----------------
16/10/2015 15:11:59  !------------------------------------------------------------------------------------------------
16/10/2015 15:11:59  FTP:[10.206.1.68 - user - 123]
16/10/2015 15:11:59  Delete file(PMS151016031159.ftp) local.In Case File is not exist!
16/10/2015 15:11:59  remoteDir=IPTV/pms.ftp is not exist or is empty dir!
16/10/2015 15:12:00  -----------DownThread_VuongHoa@----------------
16/10/2015 15:12:00  !------------------------------------------------------------------------------------------------
16/10/2015 15:12:00  FTP:[10.206.1.68 - user - 123]
16/10/2015 15:12:00  Delete file(PMS151016031200.ftp) local.In Case File is not exist!
16/10/2015 15:12:00  remoteDir=IPTV/pms.ftp is not exist or is empty dir!
16/10/2015 15:12:01  -----------DownThread_VuongHoa@----------------
16/10/2015 15:12:01  !------------------------------------------------------------------------------------------------
16/10/2015 15:12:01  FTP:[10.206.1.68 - user - 123]
16/10/2015 15:12:01  Delete file(PMS151016031201.ftp) local.In Case File is not exist!
16/10/2015 15:12:01  remoteDir=IPTV/pms.ftp is not exist or is empty dir!
16/10/2015 15:12:02  -----------DownThread_VuongHoa@----------------
16/10/2015 15:12:02  !------------------------------------------------------------------------------------------------
16/10/2015 15:12:02  FTP:[10.206.1.68 - user - 123]
16/10/2015 15:12:02  Delete file(PMS151016031202.ftp) local.In Case File is not exist!
16/10/2015 15:12:02  remoteDir=IPTV/pms.ftp is not exist or is empty dir!
16/10/2015 15:12:03  -----------DownThread_VuongHoa@----------------
16/10/2015 15:12:03  !------------------------------------------------------------------------------------------------
16/10/2015 15:12:03  FTP:[10.206.1.68 - user - 123]
16/10/2015 15:12:03  Delete file(PMS151016031203.ftp) local.In Case File is not exist!
16/10/2015 15:12:03  remoteDir=IPTV/pms.ftp is not exist or is empty dir!
16/10/2015 15:26:44  -----------DownThread_VuongHoa@----------------
16/10/2015 15:26:44  !------------------------------------------------------------------------------------------------
16/10/2015 15:26:44  FTP:[10.206.1.68 - user - 123]
16/10/2015 15:26:44  Delete file(PMS151016032644.ftp) local.In Case File is not exist!
16/10/2015 15:26:44  remoteDir=IPTV1/pms.ftp is not exist or is empty dir!
16/10/2015 15:26:45  -----------DownThread_VuongHoa@----------------
16/10/2015 15:26:45  !------------------------------------------------------------------------------------------------
16/10/2015 15:26:45  FTP:[10.206.1.68 - user - 123]
16/10/2015 15:26:45  Delete file(PMS151016032645.ftp) local.In Case File is not exist!
16/10/2015 15:26:45  remoteDir=IPTV1/pms.ftp is not exist or is empty dir!
16/10/2015 15:26:46  -----------DownThread_VuongHoa@----------------
16/10/2015 15:26:46  !------------------------------------------------------------------------------------------------
16/10/2015 15:26:46  FTP:[10.206.1.68 - user - 123]
16/10/2015 15:26:46  Delete file(PMS151016032646.ftp) local.In Case File is not exist!
16/10/2015 15:26:46  remoteDir=IPTV1/pms.ftp is not exist or is empty dir!
16/10/2015 15:26:47  -----------DownThread_VuongHoa@----------------
16/10/2015 15:26:47  !------------------------------------------------------------------------------------------------
16/10/2015 15:26:47  FTP:[10.206.1.68 - user - 123]
16/10/2015 15:26:47  Delete file(PMS151016032647.ftp) local.In Case File is not exist!
16/10/2015 15:26:47  remoteDir=IPTV1/pms.ftp is not exist or is empty dir!
16/10/2015 15:26:48  -----------DownThread_VuongHoa@----------------
16/10/2015 15:26:48  !------------------------------------------------------------------------------------------------
16/10/2015 15:26:48  FTP:[10.206.1.68 - user - 123]
16/10/2015 15:26:48  Delete file(PMS151016032648.ftp) local.In Case File is not exist!
16/10/2015 15:26:48  remoteDir=IPTV1/pms.ftp is not exist or is empty dir!
16/10/2015 15:26:49  -----------DownThread_VuongHoa@----------------
16/10/2015 15:26:49  !------------------------------------------------------------------------------------------------
16/10/2015 15:26:49  FTP:[10.206.1.68 - user - 123]
16/10/2015 15:26:49  Delete file(PMS151016032649.ftp) local.In Case File is not exist!
16/10/2015 15:26:49  remoteDir=IPTV1/pms.ftp is not exist or is empty dir!
16/10/2015 15:26:50  -----------DownThread_VuongHoa@----------------
16/10/2015 15:26:50  !------------------------------------------------------------------------------------------------
16/10/2015 15:26:50  FTP:[10.206.1.68 - user - 123]
16/10/2015 15:26:50  Delete file(PMS151016032650.ftp) local.In Case File is not exist!
16/10/2015 15:26:50  remoteDir=IPTV1/pms.ftp is not exist or is empty dir!
16/10/2015 15:26:51  -----------DownThread_VuongHoa@----------------
16/10/2015 15:26:51  !------------------------------------------------------------------------------------------------
16/10/2015 15:26:51  FTP:[10.206.1.68 - user - 123]
16/10/2015 15:26:51  Delete file(PMS151016032651.ftp) local.In Case File is not exist!
16/10/2015 15:26:51  remoteDir=IPTV1/pms.ftp is not exist or is empty dir!
16/10/2015 15:26:52  -----------DownThread_VuongHoa@----------------
16/10/2015 15:26:52  !------------------------------------------------------------------------------------------------
16/10/2015 15:26:52  FTP:[10.206.1.68 - user - 123]
16/10/2015 15:26:52  Delete file(PMS151016032652.ftp) local.In Case File is not exist!
16/10/2015 15:26:52  remoteDir=IPTV1/pms.ftp is not exist or is empty dir!
16/10/2015 15:26:53  -----------DownThread_VuongHoa@----------------
16/10/2015 15:26:53  !------------------------------------------------------------------------------------------------
16/10/2015 15:26:53  FTP:[10.206.1.68 - user - 123]
16/10/2015 15:26:53  Delete file(PMS151016032653.ftp) local.In Case File is not exist!
16/10/2015 15:26:53  remoteDir=IPTV1/pms.ftp is not exist or is empty dir!
16/10/2015 15:26:54  -----------DownThread_VuongHoa@----------------
16/10/2015 15:26:54  !------------------------------------------------------------------------------------------------
16/10/2015 15:26:54  FTP:[10.206.1.68 - user - 123]
16/10/2015 15:26:54  Delete file(PMS151016032654.ftp) local.In Case File is not exist!
16/10/2015 15:26:54  remoteDir=IPTV1/pms.ftp is not exist or is empty dir!
16/10/2015 15:26:55  -----------DownThread_VuongHoa@----------------
16/10/2015 15:26:55  !------------------------------------------------------------------------------------------------
16/10/2015 15:26:55  FTP:[10.206.1.68 - user - 123]
16/10/2015 15:26:55  Delete file(PMS151016032655.ftp) local.In Case File is not exist!
16/10/2015 15:26:55  remoteDir=IPTV1/pms.ftp is not exist or is empty dir!
16/10/2015 15:26:56  -----------DownThread_VuongHoa@----------------
16/10/2015 15:26:56  !------------------------------------------------------------------------------------------------
16/10/2015 15:26:56  FTP:[10.206.1.68 - user - 123]
16/10/2015 15:26:56  Delete file(PMS151016032656.ftp) local.In Case File is not exist!
16/10/2015 15:26:56  remoteDir=IPTV1/pms.ftp is not exist or is empty dir!
16/10/2015 15:26:57  -----------DownThread_VuongHoa@----------------
16/10/2015 15:26:57  !------------------------------------------------------------------------------------------------
16/10/2015 15:26:57  FTP:[10.206.1.68 - user - 123]
16/10/2015 15:26:57  Delete file(PMS151016032657.ftp) local.In Case File is not exist!
16/10/2015 15:26:57  remoteDir=IPTV1/pms.ftp is not exist or is empty dir!
16/10/2015 15:26:58  -----------DownThread_VuongHoa@----------------
16/10/2015 15:26:58  !------------------------------------------------------------------------------------------------
16/10/2015 15:26:58  FTP:[10.206.1.68 - user - 123]
16/10/2015 15:26:58  Delete file(PMS151016032658.ftp) local.In Case File is not exist!
16/10/2015 15:26:58  remoteDir=IPTV1/pms.ftp is not exist or is empty dir!
16/10/2015 15:26:59  -----------DownThread_VuongHoa@----------------
16/10/2015 15:26:59  !------------------------------------------------------------------------------------------------
16/10/2015 15:26:59  FTP:[10.206.1.68 - user - 123]
16/10/2015 15:26:59  Delete file(PMS151016032659.ftp) local.In Case File is not exist!
16/10/2015 15:26:59  remoteDir=IPTV1/pms.ftp is not exist or is empty dir!
16/10/2015 15:27:00  -----------DownThread_VuongHoa@----------------
16/10/2015 15:27:00  !------------------------------------------------------------------------------------------------
16/10/2015 15:27:00  FTP:[10.206.1.68 - user - 123]
16/10/2015 15:27:00  Delete file(PMS151016032700.ftp) local.In Case File is not exist!
16/10/2015 15:27:00  remoteDir=IPTV1/pms.ftp is not exist or is empty dir!
16/10/2015 15:27:01  -----------DownThread_VuongHoa@----------------
16/10/2015 15:27:01  !------------------------------------------------------------------------------------------------
16/10/2015 15:27:01  FTP:[10.206.1.68 - user - 123]
16/10/2015 15:27:01  Delete file(PMS151016032701.ftp) local.In Case File is not exist!
16/10/2015 15:27:01  remoteDir=IPTV1/pms.ftp is not exist or is empty dir!
16/10/2015 15:27:02  -----------DownThread_VuongHoa@----------------
16/10/2015 15:27:02  !------------------------------------------------------------------------------------------------
16/10/2015 15:27:02  FTP:[10.206.1.68 - user - 123]
16/10/2015 15:27:02  Delete file(PMS151016032702.ftp) local.In Case File is not exist!
16/10/2015 15:27:02  remoteDir=IPTV1/pms.ftp is not exist or is empty dir!
16/10/2015 15:27:03  -----------DownThread_VuongHoa@----------------
16/10/2015 15:27:03  !------------------------------------------------------------------------------------------------
16/10/2015 15:27:03  FTP:[10.206.1.68 - user - 123]
16/10/2015 15:27:03  Delete file(PMS151016032703.ftp) local.In Case File is not exist!
16/10/2015 15:27:03  remoteDir=IPTV1/pms.ftp is not exist or is empty dir!
16/10/2015 15:27:04  -----------DownThread_VuongHoa@----------------
16/10/2015 15:27:04  !------------------------------------------------------------------------------------------------
16/10/2015 15:27:04  FTP:[10.206.1.68 - user - 123]
16/10/2015 15:27:04  Delete file(PMS151016032704.ftp) local.In Case File is not exist!
16/10/2015 15:27:04  remoteDir=IPTV1/pms.ftp is not exist or is empty dir!
16/10/2015 15:27:05  -----------DownThread_VuongHoa@----------------
16/10/2015 15:27:05  !------------------------------------------------------------------------------------------------
16/10/2015 15:27:05  FTP:[10.206.1.68 - user - 123]
16/10/2015 15:27:05  Delete file(PMS151016032705.ftp) local.In Case File is not exist!
16/10/2015 15:27:05  remoteDir=IPTV1/pms.ftp is not exist or is empty dir!
16/10/2015 15:27:06  -----------DownThread_VuongHoa@----------------
16/10/2015 15:27:06  !------------------------------------------------------------------------------------------------
16/10/2015 15:27:06  FTP:[10.206.1.68 - user - 123]
16/10/2015 15:27:06  Delete file(PMS151016032706.ftp) local.In Case File is not exist!
16/10/2015 15:27:06  remoteDir=IPTV1/pms.ftp is not exist or is empty dir!
16/10/2015 15:27:07  -----------DownThread_VuongHoa@----------------
16/10/2015 15:27:07  !------------------------------------------------------------------------------------------------
16/10/2015 15:27:07  FTP:[10.206.1.68 - user - 123]
16/10/2015 15:27:07  Delete file(PMS151016032707.ftp) local.In Case File is not exist!
16/10/2015 15:27:07  remoteDir=IPTV1/pms.ftp is not exist or is empty dir!
16/10/2015 15:27:08  -----------DownThread_VuongHoa@----------------
16/10/2015 15:27:08  !------------------------------------------------------------------------------------------------
16/10/2015 15:27:08  FTP:[10.206.1.68 - user - 123]
16/10/2015 15:27:08  Delete file(PMS151016032708.ftp) local.In Case File is not exist!
16/10/2015 15:27:08  remoteDir=IPTV1/pms.ftp is not exist or is empty dir!
16/10/2015 15:27:09  -----------DownThread_VuongHoa@----------------
16/10/2015 15:27:09  !------------------------------------------------------------------------------------------------
16/10/2015 15:27:09  FTP:[10.206.1.68 - user - 123]
16/10/2015 15:27:09  Delete file(PMS151016032709.ftp) local.In Case File is not exist!
16/10/2015 15:27:09  remoteDir=IPTV1/pms.ftp is not exist or is empty dir!
16/10/2015 15:27:10  -----------DownThread_VuongHoa@----------------
16/10/2015 15:27:10  !------------------------------------------------------------------------------------------------
16/10/2015 15:27:10  FTP:[10.206.1.68 - user - 123]
16/10/2015 15:27:10  Delete file(PMS151016032710.ftp) local.In Case File is not exist!
16/10/2015 15:27:10  remoteDir=IPTV1/pms.ftp is not exist or is empty dir!
16/10/2015 15:27:11  -----------DownThread_VuongHoa@----------------
16/10/2015 15:27:11  !------------------------------------------------------------------------------------------------
16/10/2015 15:27:11  FTP:[10.206.1.68 - user - 123]
16/10/2015 15:27:11  Delete file(PMS151016032711.ftp) local.In Case File is not exist!
16/10/2015 15:27:11  remoteDir=IPTV1/pms.ftp is not exist or is empty dir!
16/10/2015 15:27:12  -----------DownThread_VuongHoa@----------------
16/10/2015 15:27:12  !------------------------------------------------------------------------------------------------
16/10/2015 15:27:12  FTP:[10.206.1.68 - user - 123]
16/10/2015 15:27:12  Delete file(PMS151016032712.ftp) local.In Case File is not exist!
16/10/2015 15:27:12  remoteDir=IPTV1/pms.ftp is not exist or is empty dir!
16/10/2015 15:27:13  -----------DownThread_VuongHoa@----------------
16/10/2015 15:27:13  !------------------------------------------------------------------------------------------------
16/10/2015 15:27:13  FTP:[10.206.1.68 - user - 123]
16/10/2015 15:27:13  Delete file(PMS151016032713.ftp) local.In Case File is not exist!
16/10/2015 15:27:13  remoteDir=IPTV1/pms.ftp is not exist or is empty dir!
16/10/2015 15:27:14  -----------DownThread_VuongHoa@----------------
16/10/2015 15:27:14  !------------------------------------------------------------------------------------------------
16/10/2015 15:27:14  FTP:[10.206.1.68 - user - 123]
16/10/2015 15:27:14  Delete file(PMS151016032714.ftp) local.In Case File is not exist!
16/10/2015 15:27:14  remoteDir=IPTV1/pms.ftp is not exist or is empty dir!
16/10/2015 15:27:15  -----------DownThread_VuongHoa@----------------
16/10/2015 15:27:15  !------------------------------------------------------------------------------------------------
16/10/2015 15:27:15  FTP:[10.206.1.68 - user - 123]
16/10/2015 15:27:15  Delete file(PMS151016032715.ftp) local.In Case File is not exist!
16/10/2015 15:27:15  remoteDir=IPTV1/pms.ftp is not exist or is empty dir!
16/10/2015 15:27:16  -----------DownThread_VuongHoa@----------------
16/10/2015 15:27:16  !------------------------------------------------------------------------------------------------
16/10/2015 15:27:16  FTP:[10.206.1.68 - user - 123]
16/10/2015 15:27:16  Delete file(PMS151016032716.ftp) local.In Case File is not exist!
16/10/2015 15:27:16  remoteDir=IPTV1/pms.ftp is not exist or is empty dir!
16/10/2015 15:27:17  -----------DownThread_VuongHoa@----------------
16/10/2015 15:27:17  !------------------------------------------------------------------------------------------------
16/10/2015 15:27:17  FTP:[10.206.1.68 - user - 123]
16/10/2015 15:27:17  Delete file(PMS151016032717.ftp) local.In Case File is not exist!
16/10/2015 15:27:17  remoteDir=IPTV1/pms.ftp is not exist or is empty dir!
16/10/2015 15:27:18  -----------DownThread_VuongHoa@----------------
16/10/2015 15:27:18  !------------------------------------------------------------------------------------------------
16/10/2015 15:27:18  FTP:[10.206.1.68 - user - 123]
16/10/2015 15:27:18  Delete file(PMS151016032718.ftp) local.In Case File is not exist!
16/10/2015 15:27:18  remoteDir=IPTV1/pms.ftp is not exist or is empty dir!
16/10/2015 15:27:19  -----------DownThread_VuongHoa@----------------
16/10/2015 15:27:19  !------------------------------------------------------------------------------------------------
16/10/2015 15:27:19  FTP:[10.206.1.68 - user - 123]
16/10/2015 15:27:19  Delete file(PMS151016032719.ftp) local.In Case File is not exist!
16/10/2015 15:27:19  remoteDir=IPTV1/pms.ftp is not exist or is empty dir!
16/10/2015 15:27:20  -----------DownThread_VuongHoa@----------------
16/10/2015 15:27:20  !------------------------------------------------------------------------------------------------
16/10/2015 15:27:20  FTP:[10.206.1.68 - user - 123]
16/10/2015 15:27:20  Delete file(PMS151016032720.ftp) local.In Case File is not exist!
16/10/2015 15:27:20  remoteDir=IPTV1/pms.ftp is not exist or is empty dir!
16/10/2015 15:27:21  -----------DownThread_VuongHoa@----------------
16/10/2015 15:27:21  !------------------------------------------------------------------------------------------------
16/10/2015 15:27:21  FTP:[10.206.1.68 - user - 123]
16/10/2015 15:27:21  Delete file(PMS151016032721.ftp) local.In Case File is not exist!
16/10/2015 15:27:21  remoteDir=IPTV1/pms.ftp is not exist or is empty dir!
16/10/2015 15:27:22  -----------DownThread_VuongHoa@----------------
16/10/2015 15:27:22  !------------------------------------------------------------------------------------------------
16/10/2015 15:27:22  FTP:[10.206.1.68 - user - 123]
16/10/2015 15:27:22  Delete file(PMS151016032722.ftp) local.In Case File is not exist!
16/10/2015 15:27:22  remoteDir=IPTV1/pms.ftp is not exist or is empty dir!
16/10/2015 15:27:23  -----------DownThread_VuongHoa@----------------
16/10/2015 15:27:23  !------------------------------------------------------------------------------------------------
16/10/2015 15:27:23  FTP:[10.206.1.68 - user - 123]
16/10/2015 15:27:23  Delete file(PMS151016032723.ftp) local.In Case File is not exist!
16/10/2015 15:27:23  remoteDir=IPTV1/pms.ftp is not exist or is empty dir!
16/10/2015 15:27:24  -----------DownThread_VuongHoa@----------------
16/10/2015 15:27:24  !------------------------------------------------------------------------------------------------
16/10/2015 15:27:24  FTP:[10.206.1.68 - user - 123]
16/10/2015 15:27:24  Delete file(PMS151016032724.ftp) local.In Case File is not exist!
16/10/2015 15:27:24  remoteDir=IPTV1/pms.ftp is not exist or is empty dir!
16/10/2015 15:27:25  -----------DownThread_VuongHoa@----------------
16/10/2015 15:27:25  !------------------------------------------------------------------------------------------------
16/10/2015 15:27:25  FTP:[10.206.1.68 - user - 123]
16/10/2015 15:27:25  Delete file(PMS151016032725.ftp) local.In Case File is not exist!
16/10/2015 15:27:25  remoteDir=IPTV1/pms.ftp is not exist or is empty dir!
16/10/2015 15:27:26  -----------DownThread_VuongHoa@----------------
16/10/2015 15:27:26  !------------------------------------------------------------------------------------------------
16/10/2015 15:27:26  FTP:[10.206.1.68 - user - 123]
16/10/2015 15:27:26  Delete file(PMS151016032726.ftp) local.In Case File is not exist!
16/10/2015 15:27:26  remoteDir=IPTV1/pms.ftp is not exist or is empty dir!
16/10/2015 15:27:27  -----------DownThread_VuongHoa@----------------
16/10/2015 15:27:27  !------------------------------------------------------------------------------------------------
16/10/2015 15:27:27  FTP:[10.206.1.68 - user - 123]
16/10/2015 15:27:27  Delete file(PMS151016032727.ftp) local.In Case File is not exist!
16/10/2015 15:27:27  remoteDir=IPTV1/pms.ftp is not exist or is empty dir!
16/10/2015 15:27:28  -----------DownThread_VuongHoa@----------------
16/10/2015 15:27:28  !------------------------------------------------------------------------------------------------
16/10/2015 15:27:28  FTP:[10.206.1.68 - user - 123]
16/10/2015 15:27:28  Delete file(PMS151016032728.ftp) local.In Case File is not exist!
16/10/2015 15:27:28  remoteDir=IPTV1/pms.ftp is not exist or is empty dir!
16/10/2015 15:27:29  -----------DownThread_VuongHoa@----------------
16/10/2015 15:27:29  !------------------------------------------------------------------------------------------------
16/10/2015 15:27:29  FTP:[10.206.1.68 - user - 123]
16/10/2015 15:27:29  Delete file(PMS151016032729.ftp) local.In Case File is not exist!
16/10/2015 15:27:29  remoteDir=IPTV1/pms.ftp is not exist or is empty dir!
16/10/2015 16:08:13  -----------DownThread_VuongHoa@----------------
16/10/2015 16:08:13  !------------------------------------------------------------------------------------------------
16/10/2015 16:08:13  FTP:[10.206.1.68 - user - 123]
16/10/2015 16:08:13  Delete file(PMS151016040813.ftp) local.In Case File is not exist!
16/10/2015 16:08:13  remoteDir=IPTV1/pms.ftp is not exist or is empty dir!
16/10/2015 16:08:14  -----------DownThread_VuongHoa@----------------
16/10/2015 16:08:14  !------------------------------------------------------------------------------------------------
16/10/2015 16:08:14  FTP:[10.206.1.68 - user - 123]
16/10/2015 16:08:14  Delete file(PMS151016040814.ftp) local.In Case File is not exist!
16/10/2015 16:08:14  remoteDir=IPTV1/pms.ftp is not exist or is empty dir!
16/10/2015 16:08:15  -----------DownThread_VuongHoa@----------------
16/10/2015 16:08:15  !------------------------------------------------------------------------------------------------
16/10/2015 16:08:15  FTP:[10.206.1.68 - user - 123]
16/10/2015 16:08:15  Delete file(PMS151016040815.ftp) local.In Case File is not exist!
16/10/2015 16:08:15  remoteDir=IPTV1/pms.ftp is not exist or is empty dir!
16/10/2015 16:08:16  -----------DownThread_VuongHoa@----------------
16/10/2015 16:08:16  !------------------------------------------------------------------------------------------------
16/10/2015 16:08:16  FTP:[10.206.1.68 - user - 123]
16/10/2015 16:08:16  Delete file(PMS151016040816.ftp) local.In Case File is not exist!
16/10/2015 16:08:16  remoteDir=IPTV1/pms.ftp is not exist or is empty dir!
16/10/2015 16:08:17  -----------DownThread_VuongHoa@----------------
16/10/2015 16:08:17  !------------------------------------------------------------------------------------------------
16/10/2015 16:08:17  FTP:[10.206.1.68 - user - 123]
16/10/2015 16:08:17  Delete file(PMS151016040817.ftp) local.In Case File is not exist!
16/10/2015 16:08:17  remoteDir=IPTV1/pms.ftp is not exist or is empty dir!
16/10/2015 16:08:18  -----------DownThread_VuongHoa@----------------
16/10/2015 16:08:18  !------------------------------------------------------------------------------------------------
16/10/2015 16:08:18  FTP:[10.206.1.68 - user - 123]
16/10/2015 16:08:18  Delete file(PMS151016040818.ftp) local.In Case File is not exist!
16/10/2015 16:08:18  remoteDir=IPTV1/pms.ftp is not exist or is empty dir!
16/10/2015 16:08:19  -----------DownThread_VuongHoa@----------------
16/10/2015 16:08:19  !------------------------------------------------------------------------------------------------
16/10/2015 16:08:19  FTP:[10.206.1.68 - user - 123]
16/10/2015 16:08:19  Delete file(PMS151016040819.ftp) local.In Case File is not exist!
16/10/2015 16:08:19  remoteDir=IPTV1/pms.ftp is not exist or is empty dir!
16/10/2015 16:08:20  -----------DownThread_VuongHoa@----------------
16/10/2015 16:08:20  !------------------------------------------------------------------------------------------------
16/10/2015 16:08:20  FTP:[10.206.1.68 - user - 123]
16/10/2015 16:08:20  Delete file(PMS151016040820.ftp) local.In Case File is not exist!
16/10/2015 16:08:20  remoteDir=IPTV1/pms.ftp is not exist or is empty dir!
16/10/2015 16:08:21  -----------DownThread_VuongHoa@----------------
16/10/2015 16:08:21  !------------------------------------------------------------------------------------------------
16/10/2015 16:08:21  FTP:[10.206.1.68 - user - 123]
16/10/2015 16:08:21  Delete file(PMS151016040821.ftp) local.In Case File is not exist!
16/10/2015 16:08:21  remoteDir=IPTV1/pms.ftp is not exist or is empty dir!
16/10/2015 16:08:22  -----------DownThread_VuongHoa@----------------
16/10/2015 16:08:22  !------------------------------------------------------------------------------------------------
16/10/2015 16:08:22  FTP:[10.206.1.68 - user - 123]
16/10/2015 16:08:22  Delete file(PMS151016040822.ftp) local.In Case File is not exist!
16/10/2015 16:08:22  remoteDir=IPTV1/pms.ftp is not exist or is empty dir!
16/10/2015 16:08:23  -----------DownThread_VuongHoa@----------------
16/10/2015 16:08:23  !------------------------------------------------------------------------------------------------
16/10/2015 16:08:23  FTP:[10.206.1.68 - user - 123]
16/10/2015 16:08:23  Delete file(PMS151016040823.ftp) local.In Case File is not exist!
16/10/2015 16:08:23  remoteDir=IPTV1/pms.ftp is not exist or is empty dir!
16/10/2015 16:08:24  -----------DownThread_VuongHoa@----------------
16/10/2015 16:08:24  !------------------------------------------------------------------------------------------------
16/10/2015 16:08:24  FTP:[10.206.1.68 - user - 123]
16/10/2015 16:08:24  Delete file(PMS151016040824.ftp) local.In Case File is not exist!
16/10/2015 16:08:24  remoteDir=IPTV1/pms.ftp is not exist or is empty dir!
16/10/2015 16:08:25  -----------DownThread_VuongHoa@----------------
16/10/2015 16:08:25  !------------------------------------------------------------------------------------------------
16/10/2015 16:08:25  FTP:[10.206.1.68 - user - 123]
16/10/2015 16:08:25  Delete file(PMS151016040825.ftp) local.In Case File is not exist!
16/10/2015 16:08:25  remoteDir=IPTV1/pms.ftp is not exist or is empty dir!
16/10/2015 16:08:26  -----------DownThread_VuongHoa@----------------
16/10/2015 16:08:26  !------------------------------------------------------------------------------------------------
16/10/2015 16:08:26  FTP:[10.206.1.68 - user - 123]
16/10/2015 16:08:26  Delete file(PMS151016040826.ftp) local.In Case File is not exist!
16/10/2015 16:08:26  remoteDir=IPTV1/pms.ftp is not exist or is empty dir!
16/10/2015 16:08:27  -----------DownThread_VuongHoa@----------------
16/10/2015 16:08:27  !------------------------------------------------------------------------------------------------
16/10/2015 16:08:27  FTP:[10.206.1.68 - user - 123]
16/10/2015 16:08:27  Delete file(PMS151016040827.ftp) local.In Case File is not exist!
16/10/2015 16:08:27  remoteDir=IPTV1/pms.ftp is not exist or is empty dir!
16/10/2015 16:08:28  -----------DownThread_VuongHoa@----------------
16/10/2015 16:08:28  !------------------------------------------------------------------------------------------------
16/10/2015 16:08:28  FTP:[10.206.1.68 - user - 123]
16/10/2015 16:08:28  Delete file(PMS151016040828.ftp) local.In Case File is not exist!
16/10/2015 16:08:28  remoteDir=IPTV1/pms.ftp is not exist or is empty dir!
16/10/2015 16:08:29  -----------DownThread_VuongHoa@----------------
16/10/2015 16:08:29  !------------------------------------------------------------------------------------------------
16/10/2015 16:08:29  FTP:[10.206.1.68 - user - 123]
16/10/2015 16:08:29  Delete file(PMS151016040829.ftp) local.In Case File is not exist!
16/10/2015 16:08:29  remoteDir=IPTV1/pms.ftp is not exist or is empty dir!
16/10/2015 16:08:30  -----------DownThread_VuongHoa@----------------
16/10/2015 16:08:30  !------------------------------------------------------------------------------------------------
16/10/2015 16:08:30  FTP:[10.206.1.68 - user - 123]
16/10/2015 16:08:30  Delete file ftp.
16/10/2015 16:08:30  Download and proces file[/core/ehotel01/service/app/PMSAppCon/PMSDown/PMS151016040830.ftp] is completed : true
16/10/2015 16:08:31  -----------DownThread_VuongHoa@----------------
16/10/2015 16:08:31  !------------------------------------------------------------------------------------------------
16/10/2015 16:08:31  FTP:[10.206.1.68 - user - 123]
16/10/2015 16:08:31  Delete file(PMS151016040831.ftp) local.In Case File is not exist!
16/10/2015 16:08:31  remoteDir=IPTV1/pms.ftp is not exist or is empty dir!
16/10/2015 16:08:32  -----------DownThread_VuongHoa@----------------
16/10/2015 16:08:32  !------------------------------------------------------------------------------------------------
16/10/2015 16:08:32  FTP:[10.206.1.68 - user - 123]
16/10/2015 16:08:32  Delete file(PMS151016040832.ftp) local.In Case File is not exist!
16/10/2015 16:08:32  remoteDir=IPTV1/pms.ftp is not exist or is empty dir!
16/10/2015 16:08:33  -----------DownThread_VuongHoa@----------------
16/10/2015 16:08:33  !------------------------------------------------------------------------------------------------
16/10/2015 16:08:33  FTP:[10.206.1.68 - user - 123]
16/10/2015 16:08:33  Delete file(PMS151016040833.ftp) local.In Case File is not exist!
16/10/2015 16:08:33  remoteDir=IPTV1/pms.ftp is not exist or is empty dir!
16/10/2015 16:08:34  -----------DownThread_VuongHoa@----------------
16/10/2015 16:08:34  !------------------------------------------------------------------------------------------------
16/10/2015 16:08:34  FTP:[10.206.1.68 - user - 123]
16/10/2015 16:08:34  Delete file(PMS151016040834.ftp) local.In Case File is not exist!
16/10/2015 16:08:34  remoteDir=IPTV1/pms.ftp is not exist or is empty dir!
16/10/2015 16:08:35  -----------DownThread_VuongHoa@----------------
16/10/2015 16:08:35  !------------------------------------------------------------------------------------------------
16/10/2015 16:08:35  FTP:[10.206.1.68 - user - 123]
16/10/2015 16:08:35  Delete file(PMS151016040835.ftp) local.In Case File is not exist!
16/10/2015 16:08:35  remoteDir=IPTV1/pms.ftp is not exist or is empty dir!
16/10/2015 16:08:36  -----------DownThread_VuongHoa@----------------
16/10/2015 16:08:36  !------------------------------------------------------------------------------------------------
16/10/2015 16:08:36  FTP:[10.206.1.68 - user - 123]
16/10/2015 16:08:36  Delete file(PMS151016040836.ftp) local.In Case File is not exist!
16/10/2015 16:08:36  remoteDir=IPTV1/pms.ftp is not exist or is empty dir!
16/10/2015 16:08:37  -----------DownThread_VuongHoa@----------------
16/10/2015 16:08:37  !------------------------------------------------------------------------------------------------
16/10/2015 16:08:37  FTP:[10.206.1.68 - user - 123]
16/10/2015 16:08:37  Delete file(PMS151016040837.ftp) local.In Case File is not exist!
16/10/2015 16:08:37  remoteDir=IPTV1/pms.ftp is not exist or is empty dir!
16/10/2015 16:08:38  -----------DownThread_VuongHoa@----------------
16/10/2015 16:08:38  !------------------------------------------------------------------------------------------------
16/10/2015 16:08:38  FTP:[10.206.1.68 - user - 123]
16/10/2015 16:08:38  Delete file(PMS151016040838.ftp) local.In Case File is not exist!
16/10/2015 16:08:38  remoteDir=IPTV1/pms.ftp is not exist or is empty dir!
16/10/2015 16:08:39  -----------DownThread_VuongHoa@----------------
16/10/2015 16:08:39  !------------------------------------------------------------------------------------------------
16/10/2015 16:08:39  FTP:[10.206.1.68 - user - 123]
16/10/2015 16:08:39  Delete file(PMS151016040839.ftp) local.In Case File is not exist!
16/10/2015 16:08:39  remoteDir=IPTV1/pms.ftp is not exist or is empty dir!
16/10/2015 16:08:40  -----------DownThread_VuongHoa@----------------
16/10/2015 16:08:40  !------------------------------------------------------------------------------------------------
16/10/2015 16:08:40  FTP:[10.206.1.68 - user - 123]
16/10/2015 16:08:40  Delete file(PMS151016040840.ftp) local.In Case File is not exist!
16/10/2015 16:08:40  remoteDir=IPTV1/pms.ftp is not exist or is empty dir!
16/10/2015 16:08:41  -----------DownThread_VuongHoa@----------------
16/10/2015 16:08:41  !------------------------------------------------------------------------------------------------
16/10/2015 16:08:41  FTP:[10.206.1.68 - user - 123]
16/10/2015 16:08:41  Delete file(PMS151016040841.ftp) local.In Case File is not exist!
16/10/2015 16:08:41  remoteDir=IPTV1/pms.ftp is not exist or is empty dir!
16/10/2015 16:08:42  -----------DownThread_VuongHoa@----------------
16/10/2015 16:08:42  !------------------------------------------------------------------------------------------------
16/10/2015 16:08:42  FTP:[10.206.1.68 - user - 123]
16/10/2015 16:08:42  Delete file(PMS151016040842.ftp) local.In Case File is not exist!
16/10/2015 16:08:42  remoteDir=IPTV1/pms.ftp is not exist or is empty dir!
16/10/2015 16:08:43  -----------DownThread_VuongHoa@----------------
16/10/2015 16:08:43  !------------------------------------------------------------------------------------------------
16/10/2015 16:08:43  FTP:[10.206.1.68 - user - 123]
16/10/2015 16:08:43  Delete file(PMS151016040843.ftp) local.In Case File is not exist!
16/10/2015 16:08:43  remoteDir=IPTV1/pms.ftp is not exist or is empty dir!
16/10/2015 16:08:44  -----------DownThread_VuongHoa@----------------
16/10/2015 16:08:44  !------------------------------------------------------------------------------------------------
16/10/2015 16:08:44  FTP:[10.206.1.68 - user - 123]
16/10/2015 16:08:44  Delete file(PMS151016040844.ftp) local.In Case File is not exist!
16/10/2015 16:08:44  remoteDir=IPTV1/pms.ftp is not exist or is empty dir!
16/10/2015 16:08:45  -----------DownThread_VuongHoa@----------------
16/10/2015 16:08:45  !------------------------------------------------------------------------------------------------
16/10/2015 16:08:45  FTP:[10.206.1.68 - user - 123]
16/10/2015 16:08:45  Delete file(PMS151016040845.ftp) local.In Case File is not exist!
16/10/2015 16:08:45  remoteDir=IPTV1/pms.ftp is not exist or is empty dir!
16/10/2015 16:08:46  -----------DownThread_VuongHoa@----------------
16/10/2015 16:08:46  !------------------------------------------------------------------------------------------------
16/10/2015 16:08:46  FTP:[10.206.1.68 - user - 123]
16/10/2015 16:08:46  Delete file(PMS151016040846.ftp) local.In Case File is not exist!
16/10/2015 16:08:46  remoteDir=IPTV1/pms.ftp is not exist or is empty dir!
16/10/2015 16:08:47  -----------DownThread_VuongHoa@----------------
16/10/2015 16:08:47  !------------------------------------------------------------------------------------------------
16/10/2015 16:08:47  FTP:[10.206.1.68 - user - 123]
16/10/2015 16:08:47  Delete file(PMS151016040847.ftp) local.In Case File is not exist!
16/10/2015 16:08:47  remoteDir=IPTV1/pms.ftp is not exist or is empty dir!
16/10/2015 16:08:48  -----------DownThread_VuongHoa@----------------
16/10/2015 16:08:48  !------------------------------------------------------------------------------------------------
16/10/2015 16:08:48  FTP:[10.206.1.68 - user - 123]
16/10/2015 16:08:48  Delete file(PMS151016040848.ftp) local.In Case File is not exist!
16/10/2015 16:08:48  remoteDir=IPTV1/pms.ftp is not exist or is empty dir!
16/10/2015 16:08:49  -----------DownThread_VuongHoa@----------------
16/10/2015 16:08:49  !------------------------------------------------------------------------------------------------
16/10/2015 16:08:49  FTP:[10.206.1.68 - user - 123]
16/10/2015 16:08:49  Delete file(PMS151016040849.ftp) local.In Case File is not exist!
16/10/2015 16:08:49  remoteDir=IPTV1/pms.ftp is not exist or is empty dir!
16/10/2015 16:08:50  -----------DownThread_VuongHoa@----------------
16/10/2015 16:08:50  !------------------------------------------------------------------------------------------------
16/10/2015 16:08:50  FTP:[10.206.1.68 - user - 123]
16/10/2015 16:08:50  Delete file(PMS151016040850.ftp) local.In Case File is not exist!
16/10/2015 16:08:50  remoteDir=IPTV1/pms.ftp is not exist or is empty dir!
16/10/2015 16:08:51  -----------DownThread_VuongHoa@----------------
16/10/2015 16:08:51  !------------------------------------------------------------------------------------------------
16/10/2015 16:08:51  FTP:[10.206.1.68 - user - 123]
16/10/2015 16:08:51  Delete file(PMS151016040851.ftp) local.In Case File is not exist!
16/10/2015 16:08:51  remoteDir=IPTV1/pms.ftp is not exist or is empty dir!
16/10/2015 16:08:52  -----------DownThread_VuongHoa@----------------
16/10/2015 16:08:52  !------------------------------------------------------------------------------------------------
16/10/2015 16:08:52  FTP:[10.206.1.68 - user - 123]
16/10/2015 16:08:52  Delete file(PMS151016040852.ftp) local.In Case File is not exist!
16/10/2015 16:08:52  remoteDir=IPTV1/pms.ftp is not exist or is empty dir!
16/10/2015 16:08:53  -----------DownThread_VuongHoa@----------------
16/10/2015 16:08:53  !------------------------------------------------------------------------------------------------
16/10/2015 16:08:53  FTP:[10.206.1.68 - user - 123]
16/10/2015 16:08:53  Delete file(PMS151016040853.ftp) local.In Case File is not exist!
16/10/2015 16:08:53  remoteDir=IPTV1/pms.ftp is not exist or is empty dir!
16/10/2015 16:08:54  -----------DownThread_VuongHoa@----------------
16/10/2015 16:08:54  !------------------------------------------------------------------------------------------------
16/10/2015 16:08:54  FTP:[10.206.1.68 - user - 123]
16/10/2015 16:08:54  Delete file(PMS151016040854.ftp) local.In Case File is not exist!
16/10/2015 16:08:54  remoteDir=IPTV1/pms.ftp is not exist or is empty dir!
16/10/2015 16:08:55  -----------DownThread_VuongHoa@----------------
16/10/2015 16:08:55  !------------------------------------------------------------------------------------------------
16/10/2015 16:08:55  FTP:[10.206.1.68 - user - 123]
16/10/2015 16:08:55  Delete file(PMS151016040855.ftp) local.In Case File is not exist!
16/10/2015 16:08:55  remoteDir=IPTV1/pms.ftp is not exist or is empty dir!
16/10/2015 16:08:56  -----------DownThread_VuongHoa@----------------
16/10/2015 16:08:56  !------------------------------------------------------------------------------------------------
16/10/2015 16:08:56  FTP:[10.206.1.68 - user - 123]
16/10/2015 16:08:56  Delete file(PMS151016040856.ftp) local.In Case File is not exist!
16/10/2015 16:08:56  remoteDir=IPTV1/pms.ftp is not exist or is empty dir!
16/10/2015 16:08:57  -----------DownThread_VuongHoa@----------------
16/10/2015 16:08:57  !------------------------------------------------------------------------------------------------
16/10/2015 16:08:57  FTP:[10.206.1.68 - user - 123]
16/10/2015 16:08:57  Delete file(PMS151016040857.ftp) local.In Case File is not exist!
16/10/2015 16:08:57  remoteDir=IPTV1/pms.ftp is not exist or is empty dir!
16/10/2015 16:08:58  -----------DownThread_VuongHoa@----------------
16/10/2015 16:08:58  !------------------------------------------------------------------------------------------------
16/10/2015 16:08:58  FTP:[10.206.1.68 - user - 123]
16/10/2015 16:08:58  Delete file(PMS151016040858.ftp) local.In Case File is not exist!
16/10/2015 16:08:58  remoteDir=IPTV1/pms.ftp is not exist or is empty dir!
16/10/2015 16:08:59  -----------DownThread_VuongHoa@----------------
16/10/2015 16:08:59  !------------------------------------------------------------------------------------------------
16/10/2015 16:08:59  FTP:[10.206.1.68 - user - 123]
16/10/2015 16:08:59  Delete file(PMS151016040859.ftp) local.In Case File is not exist!
16/10/2015 16:08:59  remoteDir=IPTV1/pms.ftp is not exist or is empty dir!
16/10/2015 16:09:00  -----------DownThread_VuongHoa@----------------
16/10/2015 16:09:00  !------------------------------------------------------------------------------------------------
16/10/2015 16:09:00  FTP:[10.206.1.68 - user - 123]
16/10/2015 16:09:00  Delete file(PMS151016040900.ftp) local.In Case File is not exist!
16/10/2015 16:09:00  remoteDir=IPTV1/pms.ftp is not exist or is empty dir!
16/10/2015 16:09:01  -----------DownThread_VuongHoa@----------------
16/10/2015 16:09:01  !------------------------------------------------------------------------------------------------
16/10/2015 16:09:01  FTP:[10.206.1.68 - user - 123]
16/10/2015 16:09:01  Delete file(PMS151016040901.ftp) local.In Case File is not exist!
16/10/2015 16:09:01  remoteDir=IPTV1/pms.ftp is not exist or is empty dir!
16/10/2015 16:09:02  -----------DownThread_VuongHoa@----------------
16/10/2015 16:09:02  !------------------------------------------------------------------------------------------------
16/10/2015 16:09:02  FTP:[10.206.1.68 - user - 123]
16/10/2015 16:09:02  Delete file(PMS151016040902.ftp) local.In Case File is not exist!
16/10/2015 16:09:02  remoteDir=IPTV1/pms.ftp is not exist or is empty dir!
16/10/2015 16:09:03  -----------DownThread_VuongHoa@----------------
16/10/2015 16:09:03  !------------------------------------------------------------------------------------------------
16/10/2015 16:09:03  FTP:[10.206.1.68 - user - 123]
16/10/2015 16:09:03  Delete file(PMS151016040903.ftp) local.In Case File is not exist!
16/10/2015 16:09:03  remoteDir=IPTV1/pms.ftp is not exist or is empty dir!
16/10/2015 16:09:04  -----------DownThread_VuongHoa@----------------
16/10/2015 16:09:04  !------------------------------------------------------------------------------------------------
16/10/2015 16:09:04  FTP:[10.206.1.68 - user - 123]
16/10/2015 16:09:04  Delete file(PMS151016040904.ftp) local.In Case File is not exist!
16/10/2015 16:09:04  remoteDir=IPTV1/pms.ftp is not exist or is empty dir!
16/10/2015 16:09:05  -----------DownThread_VuongHoa@----------------
16/10/2015 16:09:05  !------------------------------------------------------------------------------------------------
16/10/2015 16:09:05  FTP:[10.206.1.68 - user - 123]
16/10/2015 16:09:05  Delete file(PMS151016040905.ftp) local.In Case File is not exist!
16/10/2015 16:09:05  remoteDir=IPTV1/pms.ftp is not exist or is empty dir!
16/10/2015 16:09:06  -----------DownThread_VuongHoa@----------------
16/10/2015 16:09:06  !------------------------------------------------------------------------------------------------
16/10/2015 16:09:06  FTP:[10.206.1.68 - user - 123]
16/10/2015 16:09:06  Delete file(PMS151016040906.ftp) local.In Case File is not exist!
16/10/2015 16:09:06  remoteDir=IPTV1/pms.ftp is not exist or is empty dir!
16/10/2015 16:09:07  -----------DownThread_VuongHoa@----------------
16/10/2015 16:09:07  !------------------------------------------------------------------------------------------------
16/10/2015 16:09:07  FTP:[10.206.1.68 - user - 123]
16/10/2015 16:09:07  Delete file(PMS151016040907.ftp) local.In Case File is not exist!
16/10/2015 16:09:07  remoteDir=IPTV1/pms.ftp is not exist or is empty dir!
16/10/2015 16:09:08  -----------DownThread_VuongHoa@----------------
16/10/2015 16:09:08  !------------------------------------------------------------------------------------------------
16/10/2015 16:09:08  FTP:[10.206.1.68 - user - 123]
16/10/2015 16:09:08  Delete file(PMS151016040908.ftp) local.In Case File is not exist!
16/10/2015 16:09:08  remoteDir=IPTV1/pms.ftp is not exist or is empty dir!
16/10/2015 16:09:09  -----------DownThread_VuongHoa@----------------
16/10/2015 16:09:09  !------------------------------------------------------------------------------------------------
16/10/2015 16:09:09  FTP:[10.206.1.68 - user - 123]
16/10/2015 16:09:09  Delete file(PMS151016040909.ftp) local.In Case File is not exist!
16/10/2015 16:09:09  remoteDir=IPTV1/pms.ftp is not exist or is empty dir!
16/10/2015 16:09:10  -----------DownThread_VuongHoa@----------------
16/10/2015 16:09:10  !------------------------------------------------------------------------------------------------
16/10/2015 16:09:10  FTP:[10.206.1.68 - user - 123]
16/10/2015 16:09:10  Delete file(PMS151016040910.ftp) local.In Case File is not exist!
16/10/2015 16:09:10  remoteDir=IPTV1/pms.ftp is not exist or is empty dir!
16/10/2015 16:09:11  -----------DownThread_VuongHoa@----------------
16/10/2015 16:09:11  !------------------------------------------------------------------------------------------------
16/10/2015 16:09:11  FTP:[10.206.1.68 - user - 123]
16/10/2015 16:09:11  Delete file(PMS151016040911.ftp) local.In Case File is not exist!
16/10/2015 16:09:11  remoteDir=IPTV1/pms.ftp is not exist or is empty dir!
16/10/2015 16:09:12  -----------DownThread_VuongHoa@----------------
16/10/2015 16:09:12  !------------------------------------------------------------------------------------------------
16/10/2015 16:09:12  FTP:[10.206.1.68 - user - 123]
16/10/2015 16:09:12  Delete file(PMS151016040912.ftp) local.In Case File is not exist!
16/10/2015 16:09:12  remoteDir=IPTV1/pms.ftp is not exist or is empty dir!
16/10/2015 16:09:13  -----------DownThread_VuongHoa@----------------
16/10/2015 16:09:13  !------------------------------------------------------------------------------------------------
16/10/2015 16:09:13  FTP:[10.206.1.68 - user - 123]
16/10/2015 16:09:13  Delete file(PMS151016040913.ftp) local.In Case File is not exist!
16/10/2015 16:09:13  remoteDir=IPTV1/pms.ftp is not exist or is empty dir!
16/10/2015 16:09:14  -----------DownThread_VuongHoa@----------------
16/10/2015 16:09:14  !------------------------------------------------------------------------------------------------
16/10/2015 16:09:14  FTP:[10.206.1.68 - user - 123]
16/10/2015 16:09:14  Delete file(PMS151016040914.ftp) local.In Case File is not exist!
16/10/2015 16:09:14  remoteDir=IPTV1/pms.ftp is not exist or is empty dir!
16/10/2015 16:09:15  -----------DownThread_VuongHoa@----------------
16/10/2015 16:09:15  !------------------------------------------------------------------------------------------------
16/10/2015 16:09:15  FTP:[10.206.1.68 - user - 123]
16/10/2015 16:09:15  Delete file(PMS151016040915.ftp) local.In Case File is not exist!
16/10/2015 16:09:15  remoteDir=IPTV1/pms.ftp is not exist or is empty dir!
16/10/2015 16:09:16  -----------DownThread_VuongHoa@----------------
16/10/2015 16:09:16  !------------------------------------------------------------------------------------------------
16/10/2015 16:09:16  FTP:[10.206.1.68 - user - 123]
16/10/2015 16:09:16  Delete file(PMS151016040916.ftp) local.In Case File is not exist!
16/10/2015 16:09:16  remoteDir=IPTV1/pms.ftp is not exist or is empty dir!
16/10/2015 16:09:17  -----------DownThread_VuongHoa@----------------
16/10/2015 16:09:17  !------------------------------------------------------------------------------------------------
16/10/2015 16:09:17  FTP:[10.206.1.68 - user - 123]
16/10/2015 16:09:17  Delete file(PMS151016040917.ftp) local.In Case File is not exist!
16/10/2015 16:09:17  remoteDir=IPTV1/pms.ftp is not exist or is empty dir!
16/10/2015 16:09:18  -----------DownThread_VuongHoa@----------------
16/10/2015 16:09:18  !------------------------------------------------------------------------------------------------
16/10/2015 16:09:18  FTP:[10.206.1.68 - user - 123]
16/10/2015 16:09:18  Delete file(PMS151016040918.ftp) local.In Case File is not exist!
16/10/2015 16:09:18  remoteDir=IPTV1/pms.ftp is not exist or is empty dir!
16/10/2015 16:09:19  -----------DownThread_VuongHoa@----------------
16/10/2015 16:09:19  !------------------------------------------------------------------------------------------------
16/10/2015 16:09:19  FTP:[10.206.1.68 - user - 123]
16/10/2015 16:09:20  Delete file(PMS151016040919.ftp) local.In Case File is not exist!
16/10/2015 16:09:20  remoteDir=IPTV1/pms.ftp is not exist or is empty dir!
16/10/2015 16:09:21  -----------DownThread_VuongHoa@----------------
16/10/2015 16:09:21  !------------------------------------------------------------------------------------------------
16/10/2015 16:09:21  FTP:[10.206.1.68 - user - 123]
16/10/2015 16:09:21  Delete file(PMS151016040921.ftp) local.In Case File is not exist!
16/10/2015 16:09:21  remoteDir=IPTV1/pms.ftp is not exist or is empty dir!
16/10/2015 16:09:22  -----------DownThread_VuongHoa@----------------
16/10/2015 16:09:22  !------------------------------------------------------------------------------------------------
16/10/2015 16:09:22  FTP:[10.206.1.68 - user - 123]
16/10/2015 16:09:22  Delete file(PMS151016040922.ftp) local.In Case File is not exist!
16/10/2015 16:09:22  remoteDir=IPTV1/pms.ftp is not exist or is empty dir!
16/10/2015 16:09:23  -----------DownThread_VuongHoa@----------------
16/10/2015 16:09:23  !------------------------------------------------------------------------------------------------
16/10/2015 16:09:23  FTP:[10.206.1.68 - user - 123]
16/10/2015 16:09:23  Delete file(PMS151016040923.ftp) local.In Case File is not exist!
16/10/2015 16:09:23  remoteDir=IPTV1/pms.ftp is not exist or is empty dir!
16/10/2015 16:09:24  -----------DownThread_VuongHoa@----------------
16/10/2015 16:09:24  !------------------------------------------------------------------------------------------------
16/10/2015 16:09:24  FTP:[10.206.1.68 - user - 123]
16/10/2015 16:09:24  Delete file(PMS151016040924.ftp) local.In Case File is not exist!
16/10/2015 16:09:24  remoteDir=IPTV1/pms.ftp is not exist or is empty dir!
16/10/2015 16:09:25  -----------DownThread_VuongHoa@----------------
16/10/2015 16:09:25  !------------------------------------------------------------------------------------------------
16/10/2015 16:09:25  FTP:[10.206.1.68 - user - 123]
16/10/2015 16:09:25  Delete file(PMS151016040925.ftp) local.In Case File is not exist!
16/10/2015 16:09:25  remoteDir=IPTV1/pms.ftp is not exist or is empty dir!
16/10/2015 16:09:26  -----------DownThread_VuongHoa@----------------
16/10/2015 16:09:26  !------------------------------------------------------------------------------------------------
16/10/2015 16:09:26  FTP:[10.206.1.68 - user - 123]
16/10/2015 16:09:26  Delete file(PMS151016040926.ftp) local.In Case File is not exist!
16/10/2015 16:09:26  remoteDir=IPTV1/pms.ftp is not exist or is empty dir!
16/10/2015 16:09:27  -----------DownThread_VuongHoa@----------------
16/10/2015 16:09:27  !------------------------------------------------------------------------------------------------
16/10/2015 16:09:27  FTP:[10.206.1.68 - user - 123]
16/10/2015 16:09:27  Delete file(PMS151016040927.ftp) local.In Case File is not exist!
16/10/2015 16:09:27  remoteDir=IPTV1/pms.ftp is not exist or is empty dir!
16/10/2015 16:09:28  -----------DownThread_VuongHoa@----------------
16/10/2015 16:09:28  !------------------------------------------------------------------------------------------------
16/10/2015 16:09:28  FTP:[10.206.1.68 - user - 123]
16/10/2015 16:09:28  Delete file(PMS151016040928.ftp) local.In Case File is not exist!
16/10/2015 16:09:28  remoteDir=IPTV1/pms.ftp is not exist or is empty dir!
16/10/2015 16:09:29  -----------DownThread_VuongHoa@----------------
16/10/2015 16:09:29  !------------------------------------------------------------------------------------------------
16/10/2015 16:09:29  FTP:[10.206.1.68 - user - 123]
16/10/2015 16:09:29  Delete file(PMS151016040929.ftp) local.In Case File is not exist!
16/10/2015 16:09:29  remoteDir=IPTV1/pms.ftp is not exist or is empty dir!
16/10/2015 16:09:30  -----------DownThread_VuongHoa@----------------
16/10/2015 16:09:30  !------------------------------------------------------------------------------------------------
16/10/2015 16:09:30  FTP:[10.206.1.68 - user - 123]
16/10/2015 16:09:30  Delete file(PMS151016040930.ftp) local.In Case File is not exist!
16/10/2015 16:09:30  remoteDir=IPTV1/pms.ftp is not exist or is empty dir!
16/10/2015 16:09:31  -----------DownThread_VuongHoa@----------------
16/10/2015 16:09:31  !------------------------------------------------------------------------------------------------
16/10/2015 16:09:31  FTP:[10.206.1.68 - user - 123]
16/10/2015 16:09:31  Delete file(PMS151016040931.ftp) local.In Case File is not exist!
16/10/2015 16:09:31  remoteDir=IPTV1/pms.ftp is not exist or is empty dir!
16/10/2015 16:09:32  -----------DownThread_VuongHoa@----------------
16/10/2015 16:09:32  !------------------------------------------------------------------------------------------------
16/10/2015 16:09:32  FTP:[10.206.1.68 - user - 123]
16/10/2015 16:09:32  Delete file(PMS151016040932.ftp) local.In Case File is not exist!
16/10/2015 16:09:32  remoteDir=IPTV1/pms.ftp is not exist or is empty dir!
16/10/2015 16:09:33  -----------DownThread_VuongHoa@----------------
16/10/2015 16:09:33  !------------------------------------------------------------------------------------------------
16/10/2015 16:09:33  FTP:[10.206.1.68 - user - 123]
16/10/2015 16:09:33  Delete file(PMS151016040933.ftp) local.In Case File is not exist!
16/10/2015 16:09:33  remoteDir=IPTV1/pms.ftp is not exist or is empty dir!
16/10/2015 16:09:34  -----------DownThread_VuongHoa@----------------
16/10/2015 16:09:34  !------------------------------------------------------------------------------------------------
16/10/2015 16:09:34  FTP:[10.206.1.68 - user - 123]
16/10/2015 16:09:34  Delete file(PMS151016040934.ftp) local.In Case File is not exist!
16/10/2015 16:09:34  remoteDir=IPTV1/pms.ftp is not exist or is empty dir!
16/10/2015 16:09:35  -----------DownThread_VuongHoa@----------------
16/10/2015 16:09:35  !------------------------------------------------------------------------------------------------
16/10/2015 16:09:35  FTP:[10.206.1.68 - user - 123]
16/10/2015 16:09:35  Delete file(PMS151016040935.ftp) local.In Case File is not exist!
16/10/2015 16:09:35  remoteDir=IPTV1/pms.ftp is not exist or is empty dir!
16/10/2015 16:09:36  -----------DownThread_VuongHoa@----------------
16/10/2015 16:09:36  !------------------------------------------------------------------------------------------------
16/10/2015 16:09:36  FTP:[10.206.1.68 - user - 123]
16/10/2015 16:09:36  Delete file(PMS151016040936.ftp) local.In Case File is not exist!
16/10/2015 16:09:36  remoteDir=IPTV1/pms.ftp is not exist or is empty dir!
16/10/2015 16:09:37  -----------DownThread_VuongHoa@----------------
16/10/2015 16:09:37  !------------------------------------------------------------------------------------------------
16/10/2015 16:09:37  FTP:[10.206.1.68 - user - 123]
16/10/2015 16:09:37  Delete file(PMS151016040937.ftp) local.In Case File is not exist!
16/10/2015 16:09:37  remoteDir=IPTV1/pms.ftp is not exist or is empty dir!
16/10/2015 16:09:38  -----------DownThread_VuongHoa@----------------
16/10/2015 16:09:38  !------------------------------------------------------------------------------------------------
16/10/2015 16:09:38  FTP:[10.206.1.68 - user - 123]
16/10/2015 16:09:38  Delete file(PMS151016040938.ftp) local.In Case File is not exist!
16/10/2015 16:09:38  remoteDir=IPTV1/pms.ftp is not exist or is empty dir!
16/10/2015 16:09:39  -----------DownThread_VuongHoa@----------------
16/10/2015 16:09:39  !------------------------------------------------------------------------------------------------
16/10/2015 16:09:39  FTP:[10.206.1.68 - user - 123]
16/10/2015 16:09:39  Delete file(PMS151016040939.ftp) local.In Case File is not exist!
16/10/2015 16:09:39  remoteDir=IPTV1/pms.ftp is not exist or is empty dir!
16/10/2015 16:09:40  -----------DownThread_VuongHoa@----------------
16/10/2015 16:09:40  !------------------------------------------------------------------------------------------------
16/10/2015 16:09:40  FTP:[10.206.1.68 - user - 123]
16/10/2015 16:09:40  Delete file(PMS151016040940.ftp) local.In Case File is not exist!
16/10/2015 16:09:40  remoteDir=IPTV1/pms.ftp is not exist or is empty dir!
16/10/2015 16:09:41  -----------DownThread_VuongHoa@----------------
16/10/2015 16:09:41  !------------------------------------------------------------------------------------------------
16/10/2015 16:09:41  FTP:[10.206.1.68 - user - 123]
16/10/2015 16:09:41  Delete file(PMS151016040941.ftp) local.In Case File is not exist!
16/10/2015 16:09:41  remoteDir=IPTV1/pms.ftp is not exist or is empty dir!
16/10/2015 16:09:42  -----------DownThread_VuongHoa@----------------
16/10/2015 16:09:42  !------------------------------------------------------------------------------------------------
16/10/2015 16:09:42  FTP:[10.206.1.68 - user - 123]
16/10/2015 16:09:42  Delete file(PMS151016040942.ftp) local.In Case File is not exist!
16/10/2015 16:09:42  remoteDir=IPTV1/pms.ftp is not exist or is empty dir!
16/10/2015 16:09:43  -----------DownThread_VuongHoa@----------------
16/10/2015 16:09:43  !------------------------------------------------------------------------------------------------
16/10/2015 16:09:43  FTP:[10.206.1.68 - user - 123]
16/10/2015 16:09:43  Delete file(PMS151016040943.ftp) local.In Case File is not exist!
16/10/2015 16:09:43  remoteDir=IPTV1/pms.ftp is not exist or is empty dir!
16/10/2015 16:09:44  -----------DownThread_VuongHoa@----------------
16/10/2015 16:09:44  !------------------------------------------------------------------------------------------------
16/10/2015 16:09:44  FTP:[10.206.1.68 - user - 123]
16/10/2015 16:09:44  Delete file(PMS151016040944.ftp) local.In Case File is not exist!
16/10/2015 16:09:44  remoteDir=IPTV1/pms.ftp is not exist or is empty dir!
16/10/2015 16:09:45  -----------DownThread_VuongHoa@----------------
16/10/2015 16:09:45  !------------------------------------------------------------------------------------------------
16/10/2015 16:09:45  FTP:[10.206.1.68 - user - 123]
16/10/2015 16:09:45  Delete file(PMS151016040945.ftp) local.In Case File is not exist!
16/10/2015 16:09:45  remoteDir=IPTV1/pms.ftp is not exist or is empty dir!
16/10/2015 16:09:46  -----------DownThread_VuongHoa@----------------
16/10/2015 16:09:46  !------------------------------------------------------------------------------------------------
16/10/2015 16:09:46  FTP:[10.206.1.68 - user - 123]
16/10/2015 16:09:46  Delete file(PMS151016040946.ftp) local.In Case File is not exist!
16/10/2015 16:09:46  remoteDir=IPTV1/pms.ftp is not exist or is empty dir!
16/10/2015 16:09:47  -----------DownThread_VuongHoa@----------------
16/10/2015 16:09:47  !------------------------------------------------------------------------------------------------
16/10/2015 16:09:47  FTP:[10.206.1.68 - user - 123]
16/10/2015 16:09:47  Delete file(PMS151016040947.ftp) local.In Case File is not exist!
16/10/2015 16:09:47  remoteDir=IPTV1/pms.ftp is not exist or is empty dir!
16/10/2015 16:09:48  -----------DownThread_VuongHoa@----------------
16/10/2015 16:09:48  !------------------------------------------------------------------------------------------------
16/10/2015 16:09:48  FTP:[10.206.1.68 - user - 123]
16/10/2015 16:09:48  Delete file(PMS151016040948.ftp) local.In Case File is not exist!
16/10/2015 16:09:48  remoteDir=IPTV1/pms.ftp is not exist or is empty dir!
16/10/2015 16:09:49  -----------DownThread_VuongHoa@----------------
16/10/2015 16:09:49  !------------------------------------------------------------------------------------------------
16/10/2015 16:09:49  FTP:[10.206.1.68 - user - 123]
16/10/2015 16:09:49  Delete file(PMS151016040949.ftp) local.In Case File is not exist!
16/10/2015 16:09:49  remoteDir=IPTV1/pms.ftp is not exist or is empty dir!
16/10/2015 16:09:50  -----------DownThread_VuongHoa@----------------
16/10/2015 16:09:50  !------------------------------------------------------------------------------------------------
16/10/2015 16:09:50  FTP:[10.206.1.68 - user - 123]
16/10/2015 16:09:50  Delete file(PMS151016040950.ftp) local.In Case File is not exist!
16/10/2015 16:09:50  remoteDir=IPTV1/pms.ftp is not exist or is empty dir!
16/10/2015 16:09:51  -----------DownThread_VuongHoa@----------------
16/10/2015 16:09:51  !------------------------------------------------------------------------------------------------
16/10/2015 16:09:51  FTP:[10.206.1.68 - user - 123]
16/10/2015 16:09:51  Delete file(PMS151016040951.ftp) local.In Case File is not exist!
16/10/2015 16:09:51  remoteDir=IPTV1/pms.ftp is not exist or is empty dir!
16/10/2015 16:09:52  -----------DownThread_VuongHoa@----------------
16/10/2015 16:09:52  !------------------------------------------------------------------------------------------------
16/10/2015 16:09:52  FTP:[10.206.1.68 - user - 123]
16/10/2015 16:09:52  Delete file(PMS151016040952.ftp) local.In Case File is not exist!
16/10/2015 16:09:52  remoteDir=IPTV1/pms.ftp is not exist or is empty dir!
16/10/2015 16:09:53  -----------DownThread_VuongHoa@----------------
16/10/2015 16:09:53  !------------------------------------------------------------------------------------------------
16/10/2015 16:09:53  FTP:[10.206.1.68 - user - 123]
16/10/2015 16:09:53  Delete file(PMS151016040953.ftp) local.In Case File is not exist!
16/10/2015 16:09:53  remoteDir=IPTV1/pms.ftp is not exist or is empty dir!
16/10/2015 16:09:54  -----------DownThread_VuongHoa@----------------
16/10/2015 16:09:54  !------------------------------------------------------------------------------------------------
16/10/2015 16:09:54  FTP:[10.206.1.68 - user - 123]
16/10/2015 16:09:54  Delete file(PMS151016040954.ftp) local.In Case File is not exist!
16/10/2015 16:09:54  remoteDir=IPTV1/pms.ftp is not exist or is empty dir!
16/10/2015 16:09:55  -----------DownThread_VuongHoa@----------------
16/10/2015 16:09:55  !------------------------------------------------------------------------------------------------
16/10/2015 16:09:55  FTP:[10.206.1.68 - user - 123]
16/10/2015 16:09:55  Delete file(PMS151016040955.ftp) local.In Case File is not exist!
16/10/2015 16:09:55  remoteDir=IPTV1/pms.ftp is not exist or is empty dir!
16/10/2015 16:09:56  -----------DownThread_VuongHoa@----------------
16/10/2015 16:09:56  !------------------------------------------------------------------------------------------------
16/10/2015 16:09:56  FTP:[10.206.1.68 - user - 123]
16/10/2015 16:09:56  Delete file(PMS151016040956.ftp) local.In Case File is not exist!
16/10/2015 16:09:56  remoteDir=IPTV1/pms.ftp is not exist or is empty dir!
16/10/2015 16:09:57  -----------DownThread_VuongHoa@----------------
16/10/2015 16:09:57  !------------------------------------------------------------------------------------------------
16/10/2015 16:09:57  FTP:[10.206.1.68 - user - 123]
16/10/2015 16:09:57  Delete file(PMS151016040957.ftp) local.In Case File is not exist!
16/10/2015 16:09:57  remoteDir=IPTV1/pms.ftp is not exist or is empty dir!
16/10/2015 16:09:58  -----------DownThread_VuongHoa@----------------
16/10/2015 16:09:58  !------------------------------------------------------------------------------------------------
16/10/2015 16:09:58  FTP:[10.206.1.68 - user - 123]
16/10/2015 16:09:58  Delete file(PMS151016040958.ftp) local.In Case File is not exist!
16/10/2015 16:09:58  remoteDir=IPTV1/pms.ftp is not exist or is empty dir!
16/10/2015 16:09:59  -----------DownThread_VuongHoa@----------------
16/10/2015 16:09:59  !------------------------------------------------------------------------------------------------
16/10/2015 16:09:59  FTP:[10.206.1.68 - user - 123]
16/10/2015 16:09:59  Delete file(PMS151016040959.ftp) local.In Case File is not exist!
16/10/2015 16:09:59  remoteDir=IPTV1/pms.ftp is not exist or is empty dir!
16/10/2015 16:10:00  -----------DownThread_VuongHoa@----------------
16/10/2015 16:10:00  !------------------------------------------------------------------------------------------------
16/10/2015 16:10:00  FTP:[10.206.1.68 - user - 123]
16/10/2015 16:10:00  Delete file(PMS151016041000.ftp) local.In Case File is not exist!
16/10/2015 16:10:00  remoteDir=IPTV1/pms.ftp is not exist or is empty dir!
16/10/2015 16:10:01  -----------DownThread_VuongHoa@----------------
16/10/2015 16:10:01  !------------------------------------------------------------------------------------------------
16/10/2015 16:10:01  FTP:[10.206.1.68 - user - 123]
16/10/2015 16:10:01  Delete file(PMS151016041001.ftp) local.In Case File is not exist!
16/10/2015 16:10:01  remoteDir=IPTV1/pms.ftp is not exist or is empty dir!
16/10/2015 16:10:02  -----------DownThread_VuongHoa@----------------
16/10/2015 16:10:02  !------------------------------------------------------------------------------------------------
16/10/2015 16:10:02  FTP:[10.206.1.68 - user - 123]
16/10/2015 16:10:02  Delete file(PMS151016041002.ftp) local.In Case File is not exist!
16/10/2015 16:10:02  remoteDir=IPTV1/pms.ftp is not exist or is empty dir!
16/10/2015 16:10:03  -----------DownThread_VuongHoa@----------------
16/10/2015 16:10:03  !------------------------------------------------------------------------------------------------
16/10/2015 16:10:03  FTP:[10.206.1.68 - user - 123]
16/10/2015 16:10:03  Delete file(PMS151016041003.ftp) local.In Case File is not exist!
16/10/2015 16:10:03  remoteDir=IPTV1/pms.ftp is not exist or is empty dir!
16/10/2015 16:10:04  -----------DownThread_VuongHoa@----------------
16/10/2015 16:10:04  !------------------------------------------------------------------------------------------------
16/10/2015 16:10:04  FTP:[10.206.1.68 - user - 123]
16/10/2015 16:10:04  Delete file(PMS151016041004.ftp) local.In Case File is not exist!
16/10/2015 16:10:04  remoteDir=IPTV1/pms.ftp is not exist or is empty dir!
16/10/2015 16:10:05  -----------DownThread_VuongHoa@----------------
16/10/2015 16:10:05  !------------------------------------------------------------------------------------------------
16/10/2015 16:10:05  FTP:[10.206.1.68 - user - 123]
16/10/2015 16:10:05  Delete file(PMS151016041005.ftp) local.In Case File is not exist!
16/10/2015 16:10:05  remoteDir=IPTV1/pms.ftp is not exist or is empty dir!
16/10/2015 16:10:06  -----------DownThread_VuongHoa@----------------
16/10/2015 16:10:06  !------------------------------------------------------------------------------------------------
16/10/2015 16:10:06  FTP:[10.206.1.68 - user - 123]
16/10/2015 16:10:06  Delete file(PMS151016041006.ftp) local.In Case File is not exist!
16/10/2015 16:10:06  remoteDir=IPTV1/pms.ftp is not exist or is empty dir!
16/10/2015 16:10:07  -----------DownThread_VuongHoa@----------------
16/10/2015 16:10:07  !------------------------------------------------------------------------------------------------
16/10/2015 16:10:07  FTP:[10.206.1.68 - user - 123]
16/10/2015 16:10:07  Delete file(PMS151016041007.ftp) local.In Case File is not exist!
16/10/2015 16:10:07  remoteDir=IPTV1/pms.ftp is not exist or is empty dir!
16/10/2015 16:10:08  -----------DownThread_VuongHoa@----------------
16/10/2015 16:10:08  !------------------------------------------------------------------------------------------------
16/10/2015 16:10:08  FTP:[10.206.1.68 - user - 123]
16/10/2015 16:10:08  Delete file(PMS151016041008.ftp) local.In Case File is not exist!
16/10/2015 16:10:08  remoteDir=IPTV1/pms.ftp is not exist or is empty dir!
16/10/2015 16:10:09  -----------DownThread_VuongHoa@----------------
16/10/2015 16:10:09  !------------------------------------------------------------------------------------------------
16/10/2015 16:10:09  FTP:[10.206.1.68 - user - 123]
16/10/2015 16:10:09  Delete file(PMS151016041009.ftp) local.In Case File is not exist!
16/10/2015 16:10:09  remoteDir=IPTV1/pms.ftp is not exist or is empty dir!
16/10/2015 16:10:10  -----------DownThread_VuongHoa@----------------
16/10/2015 16:10:10  !------------------------------------------------------------------------------------------------
16/10/2015 16:10:10  FTP:[10.206.1.68 - user - 123]
16/10/2015 16:10:10  Delete file(PMS151016041010.ftp) local.In Case File is not exist!
16/10/2015 16:10:10  remoteDir=IPTV1/pms.ftp is not exist or is empty dir!
16/10/2015 16:10:11  -----------DownThread_VuongHoa@----------------
16/10/2015 16:10:11  !------------------------------------------------------------------------------------------------
16/10/2015 16:10:11  FTP:[10.206.1.68 - user - 123]
16/10/2015 16:10:11  Delete file(PMS151016041011.ftp) local.In Case File is not exist!
16/10/2015 16:10:11  remoteDir=IPTV1/pms.ftp is not exist or is empty dir!
